21-Nov-2025 18:35:14.003 INFO [main] org.apache.catalina.startup.VersionLoggerListener.log Server version name:   Apache Tomcat/10.1.49
21-Nov-2025 18:35:14.028 INFO [main] org.apache.catalina.startup.VersionLoggerListener.log Server built:          Nov 6 2025 01:31:11 UTC
21-Nov-2025 18:35:14.029 INFO [main] org.apache.catalina.startup.VersionLoggerListener.log Server version number: 10.1.49.0
21-Nov-2025 18:35:14.029 INFO [main] org.apache.catalina.startup.VersionLoggerListener.log OS Name:               Windows 11
21-Nov-2025 18:35:14.029 INFO [main] org.apache.catalina.startup.VersionLoggerListener.log OS Version:            10.0
21-Nov-2025 18:35:14.029 INFO [main] org.apache.catalina.startup.VersionLoggerListener.log Architecture:          amd64
21-Nov-2025 18:35:14.029 INFO [main] org.apache.catalina.startup.VersionLoggerListener.log Java Home:             C:\Program Files\Java\jdk-23
21-Nov-2025 18:35:14.029 INFO [main] org.apache.catalina.startup.VersionLoggerListener.log JVM Version:           23.0.2+7-58
21-Nov-2025 18:35:14.030 INFO [main] org.apache.catalina.startup.VersionLoggerListener.log JVM Vendor:            Oracle Corporation
21-Nov-2025 18:35:14.031 INFO [main] org.apache.catalina.startup.VersionLoggerListener.log CATALINA_BASE:         C:\Users\dharm\Documents\apache-tomcat-10.1.49
21-Nov-2025 18:35:14.035 INFO [main] org.apache.catalina.startup.VersionLoggerListener.log CATALINA_HOME:         C:\Users\dharm\Documents\apache-tomcat-10.1.49
21-Nov-2025 18:35:14.075 INFO [main] org.apache.catalina.startup.VersionLoggerListener.log Command line argument: -Djava.util.logging.config.file=C:\Users\dharm\Documents\apache-tomcat-10.1.49\conf\logging.properties
21-Nov-2025 18:35:14.076 INFO [main] org.apache.catalina.startup.VersionLoggerListener.log Command line argument: -Djava.util.logging.manager=org.apache.juli.ClassLoaderLogManager
21-Nov-2025 18:35:14.076 INFO [main] org.apache.catalina.startup.VersionLoggerListener.log Command line argument: -Djdk.tls.ephemeralDHKeySize=2048
21-Nov-2025 18:35:14.077 INFO [main] org.apache.catalina.startup.VersionLoggerListener.log Command line argument: -Djava.protocol.handler.pkgs=org.apache.catalina.webresources
21-Nov-2025 18:35:14.077 INFO [main] org.apache.catalina.startup.VersionLoggerListener.log Command line argument: -Dsun.io.useCanonCaches=false
21-Nov-2025 18:35:14.077 INFO [main] org.apache.catalina.startup.VersionLoggerListener.log Command line argument: --add-opens=java.base/java.lang=ALL-UNNAMED
21-Nov-2025 18:35:14.078 INFO [main] org.apache.catalina.startup.VersionLoggerListener.log Command line argument: --add-opens=java.base/java.lang.reflect=ALL-UNNAMED
21-Nov-2025 18:35:14.079 INFO [main] org.apache.catalina.startup.VersionLoggerListener.log Command line argument: --add-opens=java.base/java.io=ALL-UNNAMED
21-Nov-2025 18:35:14.081 INFO [main] org.apache.catalina.startup.VersionLoggerListener.log Command line argument: --add-opens=java.base/java.util=ALL-UNNAMED
21-Nov-2025 18:35:14.082 INFO [main] org.apache.catalina.startup.VersionLoggerListener.log Command line argument: --add-opens=java.base/java.util.concurrent=ALL-UNNAMED
21-Nov-2025 18:35:14.083 INFO [main] org.apache.catalina.startup.VersionLoggerListener.log Command line argument: --add-opens=java.rmi/sun.rmi.transport=ALL-UNNAMED
21-Nov-2025 18:35:14.086 INFO [main] org.apache.catalina.startup.VersionLoggerListener.log Command line argument: -Dcatalina.base=C:\Users\dharm\Documents\apache-tomcat-10.1.49
21-Nov-2025 18:35:14.089 INFO [main] org.apache.catalina.startup.VersionLoggerListener.log Command line argument: -Dcatalina.home=C:\Users\dharm\Documents\apache-tomcat-10.1.49
21-Nov-2025 18:35:14.090 INFO [main] org.apache.catalina.startup.VersionLoggerListener.log Command line argument: -Djava.io.tmpdir=C:\Users\dharm\Documents\apache-tomcat-10.1.49\temp
21-Nov-2025 18:35:14.096 INFO [main] org.apache.catalina.core.AprLifecycleListener.lifecycleEvent Loaded Apache Tomcat Native library [2.0.9] using APR version [1.7.6].
21-Nov-2025 18:35:14.105 INFO [main] org.apache.catalina.core.AprLifecycleListener.initializeSSL OpenSSL successfully initialized [OpenSSL 3.5.0 8 Apr 2025]
21-Nov-2025 18:35:14.771 INFO [main] org.apache.coyote.AbstractProtocol.init Initializing ProtocolHandler ["http-nio-8080"]
21-Nov-2025 18:35:14.812 INFO [main] org.apache.catalina.startup.Catalina.load Server initialization in [1133] milliseconds
21-Nov-2025 18:35:14.904 INFO [main] org.apache.catalina.core.StandardService.startInternal Starting service [Catalina]
21-Nov-2025 18:35:14.905 INFO [main] org.apache.catalina.core.StandardEngine.startInternal Starting Servlet engine: [Apache Tomcat/10.1.49]
21-Nov-2025 18:35:14.925 INFO [main] org.apache.catalina.startup.HostConfig.deployDescriptor Deploying deployment descriptor [C:\Users\dharm\Documents\apache-tomcat-10.1.49\conf\Catalina\localhost\JavaQuizPlatform.xml]
21-Nov-2025 18:35:14.954 WARNING [main] org.apache.catalina.startup.HostConfig.deployDescriptor The path attribute with value [/JavaQuizPlatform] in deployment descriptor [C:\Users\dharm\Documents\apache-tomcat-10.1.49\conf\Catalina\localhost\JavaQuizPlatform.xml] has been ignored
21-Nov-2025 18:35:16.235 WARNING [main] org.apache.catalina.webresources.Cache.getResource Unable to add the resource at [/WEB-INF/classes/webapps/examples/WEB-INF/lib/taglibs-standard-impl-1.2.5-migrated-0.0.1.jar] to the cache for web application [/JavaQuizPlatform] because there was insufficient free space available after evicting expired cache entries - consider increasing the maximum size of the cache
21-Nov-2025 18:35:16.245 WARNING [main] org.apache.catalina.webresources.Cache.getResource Unable to add the resource at [/WEB-INF/classes/webapps/examples/websocket/drawboard.xhtml] to the cache for web application [/JavaQuizPlatform] because there was insufficient free space available after evicting expired cache entries - consider increasing the maximum size of the cache
21-Nov-2025 18:35:16.255 WARNING [main] org.apache.catalina.webresources.Cache.getResource Unable to add the resource at [/WEB-INF/classes/webapps/host-manager/WEB-INF] to the cache for web application [/JavaQuizPlatform] because there was insufficient free space available after evicting expired cache entries - consider increasing the maximum size of the cache
21-Nov-2025 18:35:16.258 WARNING [main] org.apache.catalina.webresources.Cache.getResource Unable to add the resource at [/WEB-INF/classes/webapps/host-manager/css/manager.css] to the cache for web application [/JavaQuizPlatform] because there was insufficient free space available after evicting expired cache entries - consider increasing the maximum size of the cache
21-Nov-2025 18:35:16.262 WARNING [main] org.apache.catalina.webresources.Cache.getResource Unable to add the resource at [/WEB-INF/classes/webapps/host-manager/images/asf-logo.svg] to the cache for web application [/JavaQuizPlatform] because there was insufficient free space available after evicting expired cache entries - consider increasing the maximum size of the cache
21-Nov-2025 18:35:16.264 WARNING [main] org.apache.catalina.webresources.Cache.getResource Unable to add the resource at [/WEB-INF/classes/webapps/host-manager/images/favicon.ico] to the cache for web application [/JavaQuizPlatform] because there was insufficient free space available after evicting expired cache entries - consider increasing the maximum size of the cache
21-Nov-2025 18:35:16.266 WARNING [main] org.apache.catalina.webresources.Cache.getResource Unable to add the resource at [/WEB-INF/classes/webapps/host-manager/images/tomcat.svg] to the cache for web application [/JavaQuizPlatform] because there was insufficient free space available after evicting expired cache entries - consider increasing the maximum size of the cache
21-Nov-2025 18:35:16.270 WARNING [main] org.apache.catalina.webresources.Cache.getResource Unable to add the resource at [/WEB-INF/classes/webapps/host-manager/META-INF/context.xml] to the cache for web application [/JavaQuizPlatform] because there was insufficient free space available after evicting expired cache entries - consider increasing the maximum size of the cache
21-Nov-2025 18:35:16.272 WARNING [main] org.apache.catalina.webresources.Cache.getResource Unable to add the resource at [/WEB-INF/classes/webapps/host-manager/WEB-INF/jsp] to the cache for web application [/JavaQuizPlatform] because there was insufficient free space available after evicting expired cache entries - consider increasing the maximum size of the cache
21-Nov-2025 18:35:16.273 WARNING [main] org.apache.catalina.webresources.Cache.getResource Unable to add the resource at [/WEB-INF/classes/webapps/host-manager/WEB-INF/manager.xml] to the cache for web application [/JavaQuizPlatform] because there was insufficient free space available after evicting expired cache entries - consider increasing the maximum size of the cache
21-Nov-2025 18:35:16.275 WARNING [main] org.apache.catalina.webresources.Cache.getResource Unable to add the resource at [/WEB-INF/classes/webapps/host-manager/WEB-INF/web.xml] to the cache for web application [/JavaQuizPlatform] because there was insufficient free space available after evicting expired cache entries - consider increasing the maximum size of the cache
21-Nov-2025 18:35:16.381 WARNING [main] org.apache.catalina.webresources.Cache.getResource Unable to add the resource at [/WEB-INF/classes/webapps/host-manager/WEB-INF/jsp/401.jsp] to the cache for web application [/JavaQuizPlatform] because there was insufficient free space available after evicting expired cache entries - consider increasing the maximum size of the cache
21-Nov-2025 18:35:16.383 WARNING [main] org.apache.catalina.webresources.Cache.getResource Unable to add the resource at [/WEB-INF/classes/webapps/host-manager/WEB-INF/jsp/403.jsp] to the cache for web application [/JavaQuizPlatform] because there was insufficient free space available after evicting expired cache entries - consider increasing the maximum size of the cache
21-Nov-2025 18:35:16.387 WARNING [main] org.apache.catalina.webresources.Cache.getResource Unable to add the resource at [/WEB-INF/classes/webapps/host-manager/WEB-INF/jsp/404.jsp] to the cache for web application [/JavaQuizPlatform] because there was insufficient free space available after evicting expired cache entries - consider increasing the maximum size of the cache
21-Nov-2025 18:35:16.390 WARNING [main] org.apache.catalina.webresources.Cache.getResource Unable to add the resource at [/WEB-INF/classes/webapps/manager/css] to the cache for web application [/JavaQuizPlatform] because there was insufficient free space available after evicting expired cache entries - consider increasing the maximum size of the cache
21-Nov-2025 18:35:16.392 WARNING [main] org.apache.catalina.webresources.Cache.getResource Unable to add the resource at [/WEB-INF/classes/webapps/manager/images] to the cache for web application [/JavaQuizPlatform] because there was insufficient free space available after evicting expired cache entries - consider increasing the maximum size of the cache
21-Nov-2025 18:35:16.393 WARNING [main] org.apache.catalina.webresources.Cache.getResource Unable to add the resource at [/WEB-INF/classes/webapps/manager/index.jsp] to the cache for web application [/JavaQuizPlatform] because there was insufficient free space available after evicting expired cache entries - consider increasing the maximum size of the cache
21-Nov-2025 18:35:16.395 WARNING [main] org.apache.catalina.webresources.Cache.getResource Unable to add the resource at [/WEB-INF/classes/webapps/manager/META-INF] to the cache for web application [/JavaQuizPlatform] because there was insufficient free space available after evicting expired cache entries - consider increasing the maximum size of the cache
21-Nov-2025 18:35:16.397 WARNING [main] org.apache.catalina.webresources.Cache.getResource Unable to add the resource at [/WEB-INF/classes/webapps/manager/status.xsd] to the cache for web application [/JavaQuizPlatform] because there was insufficient free space available after evicting expired cache entries - consider increasing the maximum size of the cache
21-Nov-2025 18:35:16.398 WARNING [main] org.apache.catalina.webresources.Cache.getResource Unable to add the resource at [/WEB-INF/classes/webapps/manager/WEB-INF] to the cache for web application [/JavaQuizPlatform] because there was insufficient free space available after evicting expired cache entries - consider increasing the maximum size of the cache
21-Nov-2025 18:35:16.401 WARNING [main] org.apache.catalina.webresources.Cache.getResource Unable to add the resource at [/WEB-INF/classes/webapps/manager/xform.xsl] to the cache for web application [/JavaQuizPlatform] because there was insufficient free space available after evicting expired cache entries - consider increasing the maximum size of the cache
21-Nov-2025 18:35:16.403 WARNING [main] org.apache.catalina.webresources.Cache.getResource Unable to add the resource at [/WEB-INF/classes/webapps/manager/css/manager.css] to the cache for web application [/JavaQuizPlatform] because there was insufficient free space available after evicting expired cache entries - consider increasing the maximum size of the cache
21-Nov-2025 18:35:16.406 WARNING [main] org.apache.catalina.webresources.Cache.getResource Unable to add the resource at [/WEB-INF/classes/webapps/manager/images/asf-logo.svg] to the cache for web application [/JavaQuizPlatform] because there was insufficient free space available after evicting expired cache entries - consider increasing the maximum size of the cache
21-Nov-2025 18:35:16.431 WARNING [main] org.apache.catalina.webresources.Cache.getResource Unable to add the resource at [/WEB-INF/classes/webapps/manager/images/favicon.ico] to the cache for web application [/JavaQuizPlatform] because there was insufficient free space available after evicting expired cache entries - consider increasing the maximum size of the cache
21-Nov-2025 18:35:16.433 WARNING [main] org.apache.catalina.webresources.Cache.getResource Unable to add the resource at [/WEB-INF/classes/webapps/manager/images/tomcat.svg] to the cache for web application [/JavaQuizPlatform] because there was insufficient free space available after evicting expired cache entries - consider increasing the maximum size of the cache
21-Nov-2025 18:35:16.438 WARNING [main] org.apache.catalina.webresources.Cache.getResource Unable to add the resource at [/WEB-INF/classes/webapps/manager/META-INF/context.xml] to the cache for web application [/JavaQuizPlatform] because there was insufficient free space available after evicting expired cache entries - consider increasing the maximum size of the cache
21-Nov-2025 18:35:16.442 WARNING [main] org.apache.catalina.webresources.Cache.getResource Unable to add the resource at [/WEB-INF/classes/webapps/manager/WEB-INF/jsp] to the cache for web application [/JavaQuizPlatform] because there was insufficient free space available after evicting expired cache entries - consider increasing the maximum size of the cache
21-Nov-2025 18:35:16.444 WARNING [main] org.apache.catalina.webresources.Cache.getResource Unable to add the resource at [/WEB-INF/classes/webapps/manager/WEB-INF/web.xml] to the cache for web application [/JavaQuizPlatform] because there was insufficient free space available after evicting expired cache entries - consider increasing the maximum size of the cache
21-Nov-2025 18:35:16.447 WARNING [main] org.apache.catalina.webresources.Cache.getResource Unable to add the resource at [/WEB-INF/classes/webapps/manager/WEB-INF/jsp/401.jsp] to the cache for web application [/JavaQuizPlatform] because there was insufficient free space available after evicting expired cache entries - consider increasing the maximum size of the cache
21-Nov-2025 18:35:16.449 WARNING [main] org.apache.catalina.webresources.Cache.getResource Unable to add the resource at [/WEB-INF/classes/webapps/manager/WEB-INF/jsp/403.jsp] to the cache for web application [/JavaQuizPlatform] because there was insufficient free space available after evicting expired cache entries - consider increasing the maximum size of the cache
21-Nov-2025 18:35:16.451 WARNING [main] org.apache.catalina.webresources.Cache.getResource Unable to add the resource at [/WEB-INF/classes/webapps/manager/WEB-INF/jsp/404.jsp] to the cache for web application [/JavaQuizPlatform] because there was insufficient free space available after evicting expired cache entries - consider increasing the maximum size of the cache
21-Nov-2025 18:35:16.454 WARNING [main] org.apache.catalina.webresources.Cache.getResource Unable to add the resource at [/WEB-INF/classes/webapps/manager/WEB-INF/jsp/connectorCerts.jsp] to the cache for web application [/JavaQuizPlatform] because there was insufficient free space available after evicting expired cache entries - consider increasing the maximum size of the cache
21-Nov-2025 18:35:16.455 WARNING [main] org.apache.catalina.webresources.Cache.getResource Unable to add the resource at [/WEB-INF/classes/webapps/manager/WEB-INF/jsp/connectorCiphers.jsp] to the cache for web application [/JavaQuizPlatform] because there was insufficient free space available after evicting expired cache entries - consider increasing the maximum size of the cache
21-Nov-2025 18:35:16.458 WARNING [main] org.apache.catalina.webresources.Cache.getResource Unable to add the resource at [/WEB-INF/classes/webapps/manager/WEB-INF/jsp/connectorTrustedCerts.jsp] to the cache for web application [/JavaQuizPlatform] because there was insufficient free space available after evicting expired cache entries - consider increasing the maximum size of the cache
21-Nov-2025 18:35:16.460 WARNING [main] org.apache.catalina.webresources.Cache.getResource Unable to add the resource at [/WEB-INF/classes/webapps/manager/WEB-INF/jsp/sessionDetail.jsp] to the cache for web application [/JavaQuizPlatform] because there was insufficient free space available after evicting expired cache entries - consider increasing the maximum size of the cache
21-Nov-2025 18:35:16.483 WARNING [main] org.apache.catalina.webresources.Cache.getResource Unable to add the resource at [/WEB-INF/classes/webapps/manager/WEB-INF/jsp/sessionsList.jsp] to the cache for web application [/JavaQuizPlatform] because there was insufficient free space available after evicting expired cache entries - consider increasing the maximum size of the cache
21-Nov-2025 18:35:16.488 WARNING [main] org.apache.catalina.webresources.Cache.getResource Unable to add the resource at [/WEB-INF/classes/webapps/ROOT/asf-logo-wide.svg] to the cache for web application [/JavaQuizPlatform] because there was insufficient free space available after evicting expired cache entries - consider increasing the maximum size of the cache
21-Nov-2025 18:35:16.491 WARNING [main] org.apache.catalina.webresources.Cache.getResource Unable to add the resource at [/WEB-INF/classes/webapps/ROOT/bg-button.png] to the cache for web application [/JavaQuizPlatform] because there was insufficient free space available after evicting expired cache entries - consider increasing the maximum size of the cache
21-Nov-2025 18:35:16.493 WARNING [main] org.apache.catalina.webresources.Cache.getResource Unable to add the resource at [/WEB-INF/classes/webapps/ROOT/bg-middle.png] to the cache for web application [/JavaQuizPlatform] because there was insufficient free space available after evicting expired cache entries - consider increasing the maximum size of the cache
21-Nov-2025 18:35:16.495 WARNING [main] org.apache.catalina.webresources.Cache.getResource Unable to add the resource at [/WEB-INF/classes/webapps/ROOT/bg-nav.png] to the cache for web application [/JavaQuizPlatform] because there was insufficient free space available after evicting expired cache entries - consider increasing the maximum size of the cache
21-Nov-2025 18:35:16.495 WARNING [main] org.apache.catalina.webresources.Cache.getResource Unable to add the resource at [/WEB-INF/classes/webapps/ROOT/bg-upper.png] to the cache for web application [/JavaQuizPlatform] because there was insufficient free space available after evicting expired cache entries - consider increasing the maximum size of the cache
21-Nov-2025 18:35:16.498 WARNING [main] org.apache.catalina.webresources.Cache.getResource Unable to add the resource at [/WEB-INF/classes/webapps/ROOT/favicon.ico] to the cache for web application [/JavaQuizPlatform] because there was insufficient free space available after evicting expired cache entries - consider increasing the maximum size of the cache
21-Nov-2025 18:35:16.499 WARNING [main] org.apache.catalina.webresources.Cache.getResource Unable to add the resource at [/WEB-INF/classes/webapps/ROOT/index.jsp] to the cache for web application [/JavaQuizPlatform] because there was insufficient free space available after evicting expired cache entries - consider increasing the maximum size of the cache
21-Nov-2025 18:35:16.502 WARNING [main] org.apache.catalina.webresources.Cache.getResource Unable to add the resource at [/WEB-INF/classes/webapps/ROOT/RELEASE-NOTES.txt] to the cache for web application [/JavaQuizPlatform] because there was insufficient free space available after evicting expired cache entries - consider increasing the maximum size of the cache
21-Nov-2025 18:35:16.504 WARNING [main] org.apache.catalina.webresources.Cache.getResource Unable to add the resource at [/WEB-INF/classes/webapps/ROOT/tomcat.css] to the cache for web application [/JavaQuizPlatform] because there was insufficient free space available after evicting expired cache entries - consider increasing the maximum size of the cache
21-Nov-2025 18:35:16.506 WARNING [main] org.apache.catalina.webresources.Cache.getResource Unable to add the resource at [/WEB-INF/classes/webapps/ROOT/tomcat.svg] to the cache for web application [/JavaQuizPlatform] because there was insufficient free space available after evicting expired cache entries - consider increasing the maximum size of the cache
21-Nov-2025 18:35:16.508 WARNING [main] org.apache.catalina.webresources.Cache.getResource Unable to add the resource at [/WEB-INF/classes/webapps/ROOT/WEB-INF] to the cache for web application [/JavaQuizPlatform] because there was insufficient free space available after evicting expired cache entries - consider increasing the maximum size of the cache
21-Nov-2025 18:35:16.539 WARNING [main] org.apache.catalina.webresources.Cache.getResource Unable to add the resource at [/WEB-INF/classes/webapps/ROOT/WEB-INF/web.xml] to the cache for web application [/JavaQuizPlatform] because there was insufficient free space available after evicting expired cache entries - consider increasing the maximum size of the cache
21-Nov-2025 18:35:16.543 WARNING [main] org.apache.catalina.webresources.Cache.getResource Unable to add the resource at [/WEB-INF/classes/work/Catalina] to the cache for web application [/JavaQuizPlatform] because there was insufficient free space available after evicting expired cache entries - consider increasing the maximum size of the cache
21-Nov-2025 18:35:16.546 WARNING [main] org.apache.catalina.webresources.Cache.getResource Unable to add the resource at [/WEB-INF/classes/work/Catalina/localhost] to the cache for web application [/JavaQuizPlatform] because there was insufficient free space available after evicting expired cache entries - consider increasing the maximum size of the cache
21-Nov-2025 18:35:16.549 WARNING [main] org.apache.catalina.webresources.Cache.getResource Unable to add the resource at [/WEB-INF/classes/work/Catalina/localhost/docs] to the cache for web application [/JavaQuizPlatform] because there was insufficient free space available after evicting expired cache entries - consider increasing the maximum size of the cache
21-Nov-2025 18:35:16.551 WARNING [main] org.apache.catalina.webresources.Cache.getResource Unable to add the resource at [/WEB-INF/classes/work/Catalina/localhost/examples] to the cache for web application [/JavaQuizPlatform] because there was insufficient free space available after evicting expired cache entries - consider increasing the maximum size of the cache
21-Nov-2025 18:35:16.554 WARNING [main] org.apache.catalina.webresources.Cache.getResource Unable to add the resource at [/WEB-INF/classes/work/Catalina/localhost/host-manager] to the cache for web application [/JavaQuizPlatform] because there was insufficient free space available after evicting expired cache entries - consider increasing the maximum size of the cache
21-Nov-2025 18:35:16.556 WARNING [main] org.apache.catalina.webresources.Cache.getResource Unable to add the resource at [/WEB-INF/classes/work/Catalina/localhost/JavaQuizPlatform] to the cache for web application [/JavaQuizPlatform] because there was insufficient free space available after evicting expired cache entries - consider increasing the maximum size of the cache
21-Nov-2025 18:35:16.558 WARNING [main] org.apache.catalina.webresources.Cache.getResource Unable to add the resource at [/WEB-INF/classes/work/Catalina/localhost/manager] to the cache for web application [/JavaQuizPlatform] because there was insufficient free space available after evicting expired cache entries - consider increasing the maximum size of the cache
21-Nov-2025 18:35:16.560 WARNING [main] org.apache.catalina.webresources.Cache.getResource Unable to add the resource at [/WEB-INF/classes/work/Catalina/localhost/ROOT] to the cache for web application [/JavaQuizPlatform] because there was insufficient free space available after evicting expired cache entries - consider increasing the maximum size of the cache
21-Nov-2025 18:35:16.570 WARNING [main] org.apache.catalina.webresources.Cache.getResource Unable to add the resource at [/WEB-INF/classes/work/Catalina/localhost/manager/org] to the cache for web application [/JavaQuizPlatform] because there was insufficient free space available after evicting expired cache entries - consider increasing the maximum size of the cache
21-Nov-2025 18:35:16.573 WARNING [main] org.apache.catalina.webresources.Cache.getResource Unable to add the resource at [/WEB-INF/classes/work/Catalina/localhost/manager/org/apache] to the cache for web application [/JavaQuizPlatform] because there was insufficient free space available after evicting expired cache entries - consider increasing the maximum size of the cache
21-Nov-2025 18:35:16.577 WARNING [main] org.apache.catalina.webresources.Cache.getResource Unable to add the resource at [/WEB-INF/classes/work/Catalina/localhost/manager/org/apache/jsp] to the cache for web application [/JavaQuizPlatform] because there was insufficient free space available after evicting expired cache entries - consider increasing the maximum size of the cache
21-Nov-2025 18:35:16.592 WARNING [main] org.apache.catalina.webresources.Cache.getResource Unable to add the resource at [/WEB-INF/classes/work/Catalina/localhost/manager/org/apache/jsp/WEB_002dINF] to the cache for web application [/JavaQuizPlatform] because there was insufficient free space available after evicting expired cache entries - consider increasing the maximum size of the cache
21-Nov-2025 18:35:16.598 WARNING [main] org.apache.catalina.webresources.Cache.getResource Unable to add the resource at [/WEB-INF/classes/work/Catalina/localhost/manager/org/apache/jsp/WEB_002dINF/jsp] to the cache for web application [/JavaQuizPlatform] because there was insufficient free space available after evicting expired cache entries - consider increasing the maximum size of the cache
21-Nov-2025 18:35:16.603 WARNING [main] org.apache.catalina.webresources.Cache.getResource Unable to add the resource at [/WEB-INF/classes/work/Catalina/localhost/manager/org/apache/jsp/WEB_002dINF/jsp/_401_jsp.java] to the cache for web application [/JavaQuizPlatform] because there was insufficient free space available after evicting expired cache entries - consider increasing the maximum size of the cache
21-Nov-2025 18:35:17.277 WARNING [main] org.apache.catalina.webresources.Cache.getResource Unable to add the resource at [/WEB-INF/classes/] to the cache for web application [/JavaQuizPlatform] because there was insufficient free space available after evicting expired cache entries - consider increasing the maximum size of the cache
21-Nov-2025 18:35:17.294 WARNING [main] org.apache.catalina.webresources.Cache.getResource Unable to add the resource at [/WEB-INF/classes/] to the cache for web application [/JavaQuizPlatform] because there was insufficient free space available after evicting expired cache entries - consider increasing the maximum size of the cache
21-Nov-2025 18:35:17.315 WARNING [main] org.apache.catalina.webresources.Cache.getResource Unable to add the resource at [/WEB-INF/classes/] to the cache for web application [/JavaQuizPlatform] because there was insufficient free space available after evicting expired cache entries - consider increasing the maximum size of the cache
21-Nov-2025 18:35:17.320 WARNING [main] org.apache.catalina.webresources.Cache.getResource Unable to add the resource at [/WEB-INF/classes/] to the cache for web application [/JavaQuizPlatform] because there was insufficient free space available after evicting expired cache entries - consider increasing the maximum size of the cache
21-Nov-2025 18:35:17.323 WARNING [main] org.apache.catalina.webresources.Cache.getResource Unable to add the resource at [/WEB-INF/classes/] to the cache for web application [/JavaQuizPlatform] because there was insufficient free space available after evicting expired cache entries - consider increasing the maximum size of the cache
21-Nov-2025 18:35:17.457 INFO [main] org.apache.jasper.servlet.TldScanner.scanJars At least one JAR was scanned for TLDs yet contained no TLDs. Enable debug logging for this logger for a complete list of JARs that were scanned but no TLDs were found in them. Skipping unneeded JARs during scanning can improve startup time and JSP compilation time.
21-Nov-2025 18:35:17.533 WARNING [main] org.apache.catalina.webresources.Cache.getResource Unable to add the resource at [/] to the cache for web application [/JavaQuizPlatform] because there was insufficient free space available after evicting expired cache entries - consider increasing the maximum size of the cache
21-Nov-2025 18:35:17.545 INFO [main] org.apache.catalina.startup.HostConfig.deployDescriptor Deployment of deployment descriptor [C:\Users\dharm\Documents\apache-tomcat-10.1.49\conf\Catalina\localhost\JavaQuizPlatform.xml] has finished in [2,619] ms
21-Nov-2025 18:35:17.546 INFO [main] org.apache.catalina.startup.HostConfig.deployDirectory Deploying web application directory [C:\Users\dharm\Documents\apache-tomcat-10.1.49\webapps\docs]
21-Nov-2025 18:35:17.633 INFO [main] org.apache.catalina.startup.HostConfig.deployDirectory Deployment of web application directory [C:\Users\dharm\Documents\apache-tomcat-10.1.49\webapps\docs] has finished in [86] ms
21-Nov-2025 18:35:17.633 INFO [main] org.apache.catalina.startup.HostConfig.deployDirectory Deploying web application directory [C:\Users\dharm\Documents\apache-tomcat-10.1.49\webapps\examples]
21-Nov-2025 18:35:18.237 INFO [main] org.apache.catalina.startup.HostConfig.deployDirectory Deployment of web application directory [C:\Users\dharm\Documents\apache-tomcat-10.1.49\webapps\examples] has finished in [603] ms
21-Nov-2025 18:35:18.237 INFO [main] org.apache.catalina.startup.HostConfig.deployDirectory Deploying web application directory [C:\Users\dharm\Documents\apache-tomcat-10.1.49\webapps\host-manager]
21-Nov-2025 18:35:18.325 INFO [main] org.apache.catalina.startup.HostConfig.deployDirectory Deployment of web application directory [C:\Users\dharm\Documents\apache-tomcat-10.1.49\webapps\host-manager] has finished in [88] ms
21-Nov-2025 18:35:18.326 INFO [main] org.apache.catalina.startup.HostConfig.deployDirectory Deploying web application directory [C:\Users\dharm\Documents\apache-tomcat-10.1.49\webapps\manager]
21-Nov-2025 18:35:18.409 INFO [main] org.apache.catalina.startup.HostConfig.deployDirectory Deployment of web application directory [C:\Users\dharm\Documents\apache-tomcat-10.1.49\webapps\manager] has finished in [83] ms
21-Nov-2025 18:35:18.409 INFO [main] org.apache.catalina.startup.HostConfig.deployDirectory Deploying web application directory [C:\Users\dharm\Documents\apache-tomcat-10.1.49\webapps\ROOT]
21-Nov-2025 18:35:18.468 INFO [main] org.apache.catalina.startup.HostConfig.deployDirectory Deployment of web application directory [C:\Users\dharm\Documents\apache-tomcat-10.1.49\webapps\ROOT] has finished in [59] ms
21-Nov-2025 18:35:18.479 INFO [main] org.apache.coyote.AbstractProtocol.start Starting ProtocolHandler ["http-nio-8080"]
21-Nov-2025 18:35:18.534 INFO [main] org.apache.catalina.startup.Catalina.start Server startup in [3720] milliseconds
21-Nov-2025 18:35:23.384 INFO [http-nio-8080-exec-9] org.apache.catalina.startup.HostConfig.undeploy Undeploying context [/JavaQuizPlatform]
21-Nov-2025 18:35:23.406 INFO [http-nio-8080-exec-7] org.apache.catalina.startup.HostConfig.deployDescriptor Deploying deployment descriptor [C:\Users\dharm\Documents\apache-tomcat-10.1.49\conf\Catalina\localhost\JavaQuizPlatform.xml]
21-Nov-2025 18:35:23.407 WARNING [http-nio-8080-exec-7] org.apache.catalina.startup.HostConfig.deployDescriptor The path attribute with value [/JavaQuizPlatform] in deployment descriptor [C:\Users\dharm\Documents\apache-tomcat-10.1.49\conf\Catalina\localhost\JavaQuizPlatform.xml] has been ignored
21-Nov-2025 18:35:24.317 WARNING [http-nio-8080-exec-7] org.apache.catalina.webresources.Cache.getResource Unable to add the resource at [/WEB-INF/classes/webapps/examples/WEB-INF/lib/taglibs-standard-impl-1.2.5-migrated-0.0.1.jar] to the cache for web application [/JavaQuizPlatform] because there was insufficient free space available after evicting expired cache entries - consider increasing the maximum size of the cache
21-Nov-2025 18:35:24.326 WARNING [http-nio-8080-exec-7] org.apache.catalina.webresources.Cache.getResource Unable to add the resource at [/WEB-INF/classes/webapps/examples/websocket/drawboard.xhtml] to the cache for web application [/JavaQuizPlatform] because there was insufficient free space available after evicting expired cache entries - consider increasing the maximum size of the cache
21-Nov-2025 18:35:24.338 WARNING [http-nio-8080-exec-7] org.apache.catalina.webresources.Cache.getResource Unable to add the resource at [/WEB-INF/classes/webapps/host-manager/WEB-INF] to the cache for web application [/JavaQuizPlatform] because there was insufficient free space available after evicting expired cache entries - consider increasing the maximum size of the cache
21-Nov-2025 18:35:24.340 WARNING [http-nio-8080-exec-7] org.apache.catalina.webresources.Cache.getResource Unable to add the resource at [/WEB-INF/classes/webapps/host-manager/css/manager.css] to the cache for web application [/JavaQuizPlatform] because there was insufficient free space available after evicting expired cache entries - consider increasing the maximum size of the cache
21-Nov-2025 18:35:24.344 WARNING [http-nio-8080-exec-7] org.apache.catalina.webresources.Cache.getResource Unable to add the resource at [/WEB-INF/classes/webapps/host-manager/images/asf-logo.svg] to the cache for web application [/JavaQuizPlatform] because there was insufficient free space available after evicting expired cache entries - consider increasing the maximum size of the cache
21-Nov-2025 18:35:24.345 WARNING [http-nio-8080-exec-7] org.apache.catalina.webresources.Cache.getResource Unable to add the resource at [/WEB-INF/classes/webapps/host-manager/images/favicon.ico] to the cache for web application [/JavaQuizPlatform] because there was insufficient free space available after evicting expired cache entries - consider increasing the maximum size of the cache
21-Nov-2025 18:35:24.348 WARNING [http-nio-8080-exec-7] org.apache.catalina.webresources.Cache.getResource Unable to add the resource at [/WEB-INF/classes/webapps/host-manager/images/tomcat.svg] to the cache for web application [/JavaQuizPlatform] because there was insufficient free space available after evicting expired cache entries - consider increasing the maximum size of the cache
21-Nov-2025 18:35:24.352 WARNING [http-nio-8080-exec-7] org.apache.catalina.webresources.Cache.getResource Unable to add the resource at [/WEB-INF/classes/webapps/host-manager/META-INF/context.xml] to the cache for web application [/JavaQuizPlatform] because there was insufficient free space available after evicting expired cache entries - consider increasing the maximum size of the cache
21-Nov-2025 18:35:24.355 WARNING [http-nio-8080-exec-7] org.apache.catalina.webresources.Cache.getResource Unable to add the resource at [/WEB-INF/classes/webapps/host-manager/WEB-INF/jsp] to the cache for web application [/JavaQuizPlatform] because there was insufficient free space available after evicting expired cache entries - consider increasing the maximum size of the cache
21-Nov-2025 18:35:24.356 WARNING [http-nio-8080-exec-7] org.apache.catalina.webresources.Cache.getResource Unable to add the resource at [/WEB-INF/classes/webapps/host-manager/WEB-INF/manager.xml] to the cache for web application [/JavaQuizPlatform] because there was insufficient free space available after evicting expired cache entries - consider increasing the maximum size of the cache
21-Nov-2025 18:35:24.357 WARNING [http-nio-8080-exec-7] org.apache.catalina.webresources.Cache.getResource Unable to add the resource at [/WEB-INF/classes/webapps/host-manager/WEB-INF/web.xml] to the cache for web application [/JavaQuizPlatform] because there was insufficient free space available after evicting expired cache entries - consider increasing the maximum size of the cache
21-Nov-2025 18:35:24.424 WARNING [http-nio-8080-exec-7] org.apache.catalina.webresources.Cache.getResource Unable to add the resource at [/WEB-INF/classes/webapps/host-manager/WEB-INF/jsp/401.jsp] to the cache for web application [/JavaQuizPlatform] because there was insufficient free space available after evicting expired cache entries - consider increasing the maximum size of the cache
21-Nov-2025 18:35:24.427 WARNING [http-nio-8080-exec-7] org.apache.catalina.webresources.Cache.getResource Unable to add the resource at [/WEB-INF/classes/webapps/host-manager/WEB-INF/jsp/403.jsp] to the cache for web application [/JavaQuizPlatform] because there was insufficient free space available after evicting expired cache entries - consider increasing the maximum size of the cache
21-Nov-2025 18:35:24.431 WARNING [http-nio-8080-exec-7] org.apache.catalina.webresources.Cache.getResource Unable to add the resource at [/WEB-INF/classes/webapps/host-manager/WEB-INF/jsp/404.jsp] to the cache for web application [/JavaQuizPlatform] because there was insufficient free space available after evicting expired cache entries - consider increasing the maximum size of the cache
21-Nov-2025 18:35:24.435 WARNING [http-nio-8080-exec-7] org.apache.catalina.webresources.Cache.getResource Unable to add the resource at [/WEB-INF/classes/webapps/manager/css] to the cache for web application [/JavaQuizPlatform] because there was insufficient free space available after evicting expired cache entries - consider increasing the maximum size of the cache
21-Nov-2025 18:35:24.438 WARNING [http-nio-8080-exec-7] org.apache.catalina.webresources.Cache.getResource Unable to add the resource at [/WEB-INF/classes/webapps/manager/images] to the cache for web application [/JavaQuizPlatform] because there was insufficient free space available after evicting expired cache entries - consider increasing the maximum size of the cache
21-Nov-2025 18:35:24.440 WARNING [http-nio-8080-exec-7] org.apache.catalina.webresources.Cache.getResource Unable to add the resource at [/WEB-INF/classes/webapps/manager/index.jsp] to the cache for web application [/JavaQuizPlatform] because there was insufficient free space available after evicting expired cache entries - consider increasing the maximum size of the cache
21-Nov-2025 18:35:24.443 WARNING [http-nio-8080-exec-7] org.apache.catalina.webresources.Cache.getResource Unable to add the resource at [/WEB-INF/classes/webapps/manager/META-INF] to the cache for web application [/JavaQuizPlatform] because there was insufficient free space available after evicting expired cache entries - consider increasing the maximum size of the cache
21-Nov-2025 18:35:24.445 WARNING [http-nio-8080-exec-7] org.apache.catalina.webresources.Cache.getResource Unable to add the resource at [/WEB-INF/classes/webapps/manager/status.xsd] to the cache for web application [/JavaQuizPlatform] because there was insufficient free space available after evicting expired cache entries - consider increasing the maximum size of the cache
21-Nov-2025 18:35:24.447 WARNING [http-nio-8080-exec-7] org.apache.catalina.webresources.Cache.getResource Unable to add the resource at [/WEB-INF/classes/webapps/manager/WEB-INF] to the cache for web application [/JavaQuizPlatform] because there was insufficient free space available after evicting expired cache entries - consider increasing the maximum size of the cache
21-Nov-2025 18:35:24.449 WARNING [http-nio-8080-exec-7] org.apache.catalina.webresources.Cache.getResource Unable to add the resource at [/WEB-INF/classes/webapps/manager/xform.xsl] to the cache for web application [/JavaQuizPlatform] because there was insufficient free space available after evicting expired cache entries - consider increasing the maximum size of the cache
21-Nov-2025 18:35:24.453 WARNING [http-nio-8080-exec-7] org.apache.catalina.webresources.Cache.getResource Unable to add the resource at [/WEB-INF/classes/webapps/manager/css/manager.css] to the cache for web application [/JavaQuizPlatform] because there was insufficient free space available after evicting expired cache entries - consider increasing the maximum size of the cache
21-Nov-2025 18:35:24.489 WARNING [http-nio-8080-exec-7] org.apache.catalina.webresources.Cache.getResource Unable to add the resource at [/WEB-INF/classes/webapps/manager/images/asf-logo.svg] to the cache for web application [/JavaQuizPlatform] because there was insufficient free space available after evicting expired cache entries - consider increasing the maximum size of the cache
21-Nov-2025 18:35:24.491 WARNING [http-nio-8080-exec-7] org.apache.catalina.webresources.Cache.getResource Unable to add the resource at [/WEB-INF/classes/webapps/manager/images/favicon.ico] to the cache for web application [/JavaQuizPlatform] because there was insufficient free space available after evicting expired cache entries - consider increasing the maximum size of the cache
21-Nov-2025 18:35:24.494 WARNING [http-nio-8080-exec-7] org.apache.catalina.webresources.Cache.getResource Unable to add the resource at [/WEB-INF/classes/webapps/manager/images/tomcat.svg] to the cache for web application [/JavaQuizPlatform] because there was insufficient free space available after evicting expired cache entries - consider increasing the maximum size of the cache
21-Nov-2025 18:35:24.500 WARNING [http-nio-8080-exec-7] org.apache.catalina.webresources.Cache.getResource Unable to add the resource at [/WEB-INF/classes/webapps/manager/META-INF/context.xml] to the cache for web application [/JavaQuizPlatform] because there was insufficient free space available after evicting expired cache entries - consider increasing the maximum size of the cache
21-Nov-2025 18:35:24.504 WARNING [http-nio-8080-exec-7] org.apache.catalina.webresources.Cache.getResource Unable to add the resource at [/WEB-INF/classes/webapps/manager/WEB-INF/jsp] to the cache for web application [/JavaQuizPlatform] because there was insufficient free space available after evicting expired cache entries - consider increasing the maximum size of the cache
21-Nov-2025 18:35:24.506 WARNING [http-nio-8080-exec-7] org.apache.catalina.webresources.Cache.getResource Unable to add the resource at [/WEB-INF/classes/webapps/manager/WEB-INF/web.xml] to the cache for web application [/JavaQuizPlatform] because there was insufficient free space available after evicting expired cache entries - consider increasing the maximum size of the cache
21-Nov-2025 18:35:24.509 WARNING [http-nio-8080-exec-7] org.apache.catalina.webresources.Cache.getResource Unable to add the resource at [/WEB-INF/classes/webapps/manager/WEB-INF/jsp/401.jsp] to the cache for web application [/JavaQuizPlatform] because there was insufficient free space available after evicting expired cache entries - consider increasing the maximum size of the cache
21-Nov-2025 18:35:24.510 WARNING [http-nio-8080-exec-7] org.apache.catalina.webresources.Cache.getResource Unable to add the resource at [/WEB-INF/classes/webapps/manager/WEB-INF/jsp/403.jsp] to the cache for web application [/JavaQuizPlatform] because there was insufficient free space available after evicting expired cache entries - consider increasing the maximum size of the cache
21-Nov-2025 18:35:24.511 WARNING [http-nio-8080-exec-7] org.apache.catalina.webresources.Cache.getResource Unable to add the resource at [/WEB-INF/classes/webapps/manager/WEB-INF/jsp/404.jsp] to the cache for web application [/JavaQuizPlatform] because there was insufficient free space available after evicting expired cache entries - consider increasing the maximum size of the cache
21-Nov-2025 18:35:24.513 WARNING [http-nio-8080-exec-7] org.apache.catalina.webresources.Cache.getResource Unable to add the resource at [/WEB-INF/classes/webapps/manager/WEB-INF/jsp/connectorCerts.jsp] to the cache for web application [/JavaQuizPlatform] because there was insufficient free space available after evicting expired cache entries - consider increasing the maximum size of the cache
21-Nov-2025 18:35:24.516 WARNING [http-nio-8080-exec-7] org.apache.catalina.webresources.Cache.getResource Unable to add the resource at [/WEB-INF/classes/webapps/manager/WEB-INF/jsp/connectorCiphers.jsp] to the cache for web application [/JavaQuizPlatform] because there was insufficient free space available after evicting expired cache entries - consider increasing the maximum size of the cache
21-Nov-2025 18:35:24.538 WARNING [http-nio-8080-exec-7] org.apache.catalina.webresources.Cache.getResource Unable to add the resource at [/WEB-INF/classes/webapps/manager/WEB-INF/jsp/connectorTrustedCerts.jsp] to the cache for web application [/JavaQuizPlatform] because there was insufficient free space available after evicting expired cache entries - consider increasing the maximum size of the cache
21-Nov-2025 18:35:24.542 WARNING [http-nio-8080-exec-7] org.apache.catalina.webresources.Cache.getResource Unable to add the resource at [/WEB-INF/classes/webapps/manager/WEB-INF/jsp/sessionDetail.jsp] to the cache for web application [/JavaQuizPlatform] because there was insufficient free space available after evicting expired cache entries - consider increasing the maximum size of the cache
21-Nov-2025 18:35:24.545 WARNING [http-nio-8080-exec-7] org.apache.catalina.webresources.Cache.getResource Unable to add the resource at [/WEB-INF/classes/webapps/manager/WEB-INF/jsp/sessionsList.jsp] to the cache for web application [/JavaQuizPlatform] because there was insufficient free space available after evicting expired cache entries - consider increasing the maximum size of the cache
21-Nov-2025 18:35:24.551 WARNING [http-nio-8080-exec-7] org.apache.catalina.webresources.Cache.getResource Unable to add the resource at [/WEB-INF/classes/webapps/ROOT/asf-logo-wide.svg] to the cache for web application [/JavaQuizPlatform] because there was insufficient free space available after evicting expired cache entries - consider increasing the maximum size of the cache
21-Nov-2025 18:35:24.553 WARNING [http-nio-8080-exec-7] org.apache.catalina.webresources.Cache.getResource Unable to add the resource at [/WEB-INF/classes/webapps/ROOT/bg-button.png] to the cache for web application [/JavaQuizPlatform] because there was insufficient free space available after evicting expired cache entries - consider increasing the maximum size of the cache
21-Nov-2025 18:35:24.555 WARNING [http-nio-8080-exec-7] org.apache.catalina.webresources.Cache.getResource Unable to add the resource at [/WEB-INF/classes/webapps/ROOT/bg-middle.png] to the cache for web application [/JavaQuizPlatform] because there was insufficient free space available after evicting expired cache entries - consider increasing the maximum size of the cache
21-Nov-2025 18:35:24.557 WARNING [http-nio-8080-exec-7] org.apache.catalina.webresources.Cache.getResource Unable to add the resource at [/WEB-INF/classes/webapps/ROOT/bg-nav.png] to the cache for web application [/JavaQuizPlatform] because there was insufficient free space available after evicting expired cache entries - consider increasing the maximum size of the cache
21-Nov-2025 18:35:24.559 WARNING [http-nio-8080-exec-7] org.apache.catalina.webresources.Cache.getResource Unable to add the resource at [/WEB-INF/classes/webapps/ROOT/bg-upper.png] to the cache for web application [/JavaQuizPlatform] because there was insufficient free space available after evicting expired cache entries - consider increasing the maximum size of the cache
21-Nov-2025 18:35:24.561 WARNING [http-nio-8080-exec-7] org.apache.catalina.webresources.Cache.getResource Unable to add the resource at [/WEB-INF/classes/webapps/ROOT/favicon.ico] to the cache for web application [/JavaQuizPlatform] because there was insufficient free space available after evicting expired cache entries - consider increasing the maximum size of the cache
21-Nov-2025 18:35:24.563 WARNING [http-nio-8080-exec-7] org.apache.catalina.webresources.Cache.getResource Unable to add the resource at [/WEB-INF/classes/webapps/ROOT/index.jsp] to the cache for web application [/JavaQuizPlatform] because there was insufficient free space available after evicting expired cache entries - consider increasing the maximum size of the cache
21-Nov-2025 18:35:24.566 WARNING [http-nio-8080-exec-7] org.apache.catalina.webresources.Cache.getResource Unable to add the resource at [/WEB-INF/classes/webapps/ROOT/RELEASE-NOTES.txt] to the cache for web application [/JavaQuizPlatform] because there was insufficient free space available after evicting expired cache entries - consider increasing the maximum size of the cache
21-Nov-2025 18:35:24.593 WARNING [http-nio-8080-exec-7] org.apache.catalina.webresources.Cache.getResource Unable to add the resource at [/WEB-INF/classes/webapps/ROOT/tomcat.css] to the cache for web application [/JavaQuizPlatform] because there was insufficient free space available after evicting expired cache entries - consider increasing the maximum size of the cache
21-Nov-2025 18:35:24.602 WARNING [http-nio-8080-exec-7] org.apache.catalina.webresources.Cache.getResource Unable to add the resource at [/WEB-INF/classes/webapps/ROOT/tomcat.svg] to the cache for web application [/JavaQuizPlatform] because there was insufficient free space available after evicting expired cache entries - consider increasing the maximum size of the cache
21-Nov-2025 18:35:24.604 WARNING [http-nio-8080-exec-7] org.apache.catalina.webresources.Cache.getResource Unable to add the resource at [/WEB-INF/classes/webapps/ROOT/WEB-INF] to the cache for web application [/JavaQuizPlatform] because there was insufficient free space available after evicting expired cache entries - consider increasing the maximum size of the cache
21-Nov-2025 18:35:24.615 WARNING [http-nio-8080-exec-7] org.apache.catalina.webresources.Cache.getResource Unable to add the resource at [/WEB-INF/classes/webapps/ROOT/WEB-INF/web.xml] to the cache for web application [/JavaQuizPlatform] because there was insufficient free space available after evicting expired cache entries - consider increasing the maximum size of the cache
21-Nov-2025 18:35:24.624 WARNING [http-nio-8080-exec-7] org.apache.catalina.webresources.Cache.getResource Unable to add the resource at [/WEB-INF/classes/work/Catalina] to the cache for web application [/JavaQuizPlatform] because there was insufficient free space available after evicting expired cache entries - consider increasing the maximum size of the cache
21-Nov-2025 18:35:24.630 WARNING [http-nio-8080-exec-7] org.apache.catalina.webresources.Cache.getResource Unable to add the resource at [/WEB-INF/classes/work/Catalina/localhost] to the cache for web application [/JavaQuizPlatform] because there was insufficient free space available after evicting expired cache entries - consider increasing the maximum size of the cache
21-Nov-2025 18:35:24.636 WARNING [http-nio-8080-exec-7] org.apache.catalina.webresources.Cache.getResource Unable to add the resource at [/WEB-INF/classes/work/Catalina/localhost/docs] to the cache for web application [/JavaQuizPlatform] because there was insufficient free space available after evicting expired cache entries - consider increasing the maximum size of the cache
21-Nov-2025 18:35:24.641 WARNING [http-nio-8080-exec-7] org.apache.catalina.webresources.Cache.getResource Unable to add the resource at [/WEB-INF/classes/work/Catalina/localhost/examples] to the cache for web application [/JavaQuizPlatform] because there was insufficient free space available after evicting expired cache entries - consider increasing the maximum size of the cache
21-Nov-2025 18:35:24.645 WARNING [http-nio-8080-exec-7] org.apache.catalina.webresources.Cache.getResource Unable to add the resource at [/WEB-INF/classes/work/Catalina/localhost/host-manager] to the cache for web application [/JavaQuizPlatform] because there was insufficient free space available after evicting expired cache entries - consider increasing the maximum size of the cache
21-Nov-2025 18:35:24.674 WARNING [http-nio-8080-exec-7] org.apache.catalina.webresources.Cache.getResource Unable to add the resource at [/WEB-INF/classes/work/Catalina/localhost/JavaQuizPlatform] to the cache for web application [/JavaQuizPlatform] because there was insufficient free space available after evicting expired cache entries - consider increasing the maximum size of the cache
21-Nov-2025 18:35:24.678 WARNING [http-nio-8080-exec-7] org.apache.catalina.webresources.Cache.getResource Unable to add the resource at [/WEB-INF/classes/work/Catalina/localhost/manager] to the cache for web application [/JavaQuizPlatform] because there was insufficient free space available after evicting expired cache entries - consider increasing the maximum size of the cache
21-Nov-2025 18:35:24.680 WARNING [http-nio-8080-exec-7] org.apache.catalina.webresources.Cache.getResource Unable to add the resource at [/WEB-INF/classes/work/Catalina/localhost/ROOT] to the cache for web application [/JavaQuizPlatform] because there was insufficient free space available after evicting expired cache entries - consider increasing the maximum size of the cache
21-Nov-2025 18:35:24.715 WARNING [http-nio-8080-exec-7] org.apache.catalina.webresources.Cache.getResource Unable to add the resource at [/WEB-INF/classes/work/Catalina/localhost/manager/org] to the cache for web application [/JavaQuizPlatform] because there was insufficient free space available after evicting expired cache entries - consider increasing the maximum size of the cache
21-Nov-2025 18:35:24.724 WARNING [http-nio-8080-exec-7] org.apache.catalina.webresources.Cache.getResource Unable to add the resource at [/WEB-INF/classes/work/Catalina/localhost/manager/org/apache] to the cache for web application [/JavaQuizPlatform] because there was insufficient free space available after evicting expired cache entries - consider increasing the maximum size of the cache
21-Nov-2025 18:35:24.729 WARNING [http-nio-8080-exec-7] org.apache.catalina.webresources.Cache.getResource Unable to add the resource at [/WEB-INF/classes/work/Catalina/localhost/manager/org/apache/jsp] to the cache for web application [/JavaQuizPlatform] because there was insufficient free space available after evicting expired cache entries - consider increasing the maximum size of the cache
21-Nov-2025 18:35:24.737 WARNING [http-nio-8080-exec-7] org.apache.catalina.webresources.Cache.getResource Unable to add the resource at [/WEB-INF/classes/work/Catalina/localhost/manager/org/apache/jsp/WEB_002dINF] to the cache for web application [/JavaQuizPlatform] because there was insufficient free space available after evicting expired cache entries - consider increasing the maximum size of the cache
21-Nov-2025 18:35:24.744 WARNING [http-nio-8080-exec-7] org.apache.catalina.webresources.Cache.getResource Unable to add the resource at [/WEB-INF/classes/work/Catalina/localhost/manager/org/apache/jsp/WEB_002dINF/jsp] to the cache for web application [/JavaQuizPlatform] because there was insufficient free space available after evicting expired cache entries - consider increasing the maximum size of the cache
21-Nov-2025 18:35:24.757 WARNING [http-nio-8080-exec-7] org.apache.catalina.webresources.Cache.getResource Unable to add the resource at [/WEB-INF/classes/work/Catalina/localhost/manager/org/apache/jsp/WEB_002dINF/jsp/_401_jsp.java] to the cache for web application [/JavaQuizPlatform] because there was insufficient free space available after evicting expired cache entries - consider increasing the maximum size of the cache
21-Nov-2025 18:35:25.449 WARNING [http-nio-8080-exec-7] org.apache.catalina.webresources.Cache.getResource Unable to add the resource at [/WEB-INF/classes/] to the cache for web application [/JavaQuizPlatform] because there was insufficient free space available after evicting expired cache entries - consider increasing the maximum size of the cache
21-Nov-2025 18:35:25.454 WARNING [http-nio-8080-exec-7] org.apache.catalina.webresources.Cache.getResource Unable to add the resource at [/WEB-INF/classes/] to the cache for web application [/JavaQuizPlatform] because there was insufficient free space available after evicting expired cache entries - consider increasing the maximum size of the cache
21-Nov-2025 18:35:25.457 WARNING [http-nio-8080-exec-7] org.apache.catalina.webresources.Cache.getResource Unable to add the resource at [/WEB-INF/classes/] to the cache for web application [/JavaQuizPlatform] because there was insufficient free space available after evicting expired cache entries - consider increasing the maximum size of the cache
21-Nov-2025 18:35:25.461 WARNING [http-nio-8080-exec-7] org.apache.catalina.webresources.Cache.getResource Unable to add the resource at [/WEB-INF/classes/] to the cache for web application [/JavaQuizPlatform] because there was insufficient free space available after evicting expired cache entries - consider increasing the maximum size of the cache
21-Nov-2025 18:35:25.466 WARNING [http-nio-8080-exec-7] org.apache.catalina.webresources.Cache.getResource Unable to add the resource at [/WEB-INF/classes/] to the cache for web application [/JavaQuizPlatform] because there was insufficient free space available after evicting expired cache entries - consider increasing the maximum size of the cache
21-Nov-2025 18:35:25.483 INFO [http-nio-8080-exec-7] org.apache.jasper.servlet.TldScanner.scanJars At least one JAR was scanned for TLDs yet contained no TLDs. Enable debug logging for this logger for a complete list of JARs that were scanned but no TLDs were found in them. Skipping unneeded JARs during scanning can improve startup time and JSP compilation time.
21-Nov-2025 18:35:25.487 WARNING [http-nio-8080-exec-7] org.apache.catalina.webresources.Cache.getResource Unable to add the resource at [/] to the cache for web application [/JavaQuizPlatform] because there was insufficient free space available after evicting expired cache entries - consider increasing the maximum size of the cache
21-Nov-2025 18:35:25.489 INFO [http-nio-8080-exec-7] org.apache.catalina.startup.HostConfig.deployDescriptor Deployment of deployment descriptor [C:\Users\dharm\Documents\apache-tomcat-10.1.49\conf\Catalina\localhost\JavaQuizPlatform.xml] has finished in [2,084] ms
21-Nov-2025 18:35:26.177 WARNING [http-nio-8080-exec-5] org.apache.catalina.webresources.Cache.getResource Unable to add the resource at [/index.html] to the cache for web application [/JavaQuizPlatform] because there was insufficient free space available after evicting expired cache entries - consider increasing the maximum size of the cache
21-Nov-2025 18:35:26.201 WARNING [http-nio-8080-exec-2] org.apache.catalina.webresources.Cache.getResource Unable to add the resource at [/login.jsp] to the cache for web application [/JavaQuizPlatform] because there was insufficient free space available after evicting expired cache entries - consider increasing the maximum size of the cache
21-Nov-2025 18:35:26.211 WARNING [http-nio-8080-exec-2] org.apache.catalina.webresources.Cache.getResource Unable to add the resource at [/login.jsp] to the cache for web application [/JavaQuizPlatform] because there was insufficient free space available after evicting expired cache entries - consider increasing the maximum size of the cache
21-Nov-2025 18:35:26.212 WARNING [http-nio-8080-exec-2] org.apache.catalina.webresources.Cache.getResource Unable to add the resource at [/login.jsp] to the cache for web application [/JavaQuizPlatform] because there was insufficient free space available after evicting expired cache entries - consider increasing the maximum size of the cache
21-Nov-2025 18:35:26.218 WARNING [http-nio-8080-exec-2] org.apache.catalina.webresources.Cache.getResource Unable to add the resource at [/login.jsp] to the cache for web application [/JavaQuizPlatform] because there was insufficient free space available after evicting expired cache entries - consider increasing the maximum size of the cache
21-Nov-2025 18:35:26.222 WARNING [http-nio-8080-exec-2] org.apache.catalina.webresources.Cache.getResource Unable to add the resource at [/login.jsp] to the cache for web application [/JavaQuizPlatform] because there was insufficient free space available after evicting expired cache entries - consider increasing the maximum size of the cache
21-Nov-2025 18:35:26.291 WARNING [http-nio-8080-exec-2] org.apache.catalina.webresources.Cache.getResources Unable to add the resource at [/WEB-INF/classes/META-INF/services/jakarta.el.ExpressionFactory] to the cache for web application [{1}] because there was insufficient free space available after evicting expired cache entries - consider increasing the maximum size of the cache
21-Nov-2025 18:35:26.296 WARNING [http-nio-8080-exec-2] org.apache.catalina.webresources.Cache.getResource Unable to add the resource at [/login.jsp] to the cache for web application [/JavaQuizPlatform] because there was insufficient free space available after evicting expired cache entries - consider increasing the maximum size of the cache
21-Nov-2025 18:35:26.310 WARNING [http-nio-8080-exec-2] org.apache.catalina.webresources.Cache.getResource Unable to add the resource at [/login.jsp] to the cache for web application [/JavaQuizPlatform] because there was insufficient free space available after evicting expired cache entries - consider increasing the maximum size of the cache
21-Nov-2025 18:35:26.329 WARNING [http-nio-8080-exec-2] org.apache.catalina.webresources.Cache.getResource Unable to add the resource at [/login.jsp] to the cache for web application [/JavaQuizPlatform] because there was insufficient free space available after evicting expired cache entries - consider increasing the maximum size of the cache
21-Nov-2025 18:35:26.345 WARNING [http-nio-8080-exec-2] org.apache.catalina.webresources.Cache.getResource Unable to add the resource at [/login.jsp] to the cache for web application [/JavaQuizPlatform] because there was insufficient free space available after evicting expired cache entries - consider increasing the maximum size of the cache
21-Nov-2025 18:35:26.349 WARNING [http-nio-8080-exec-2] org.apache.catalina.webresources.Cache.getResource Unable to add the resource at [/login.jsp] to the cache for web application [/JavaQuizPlatform] because there was insufficient free space available after evicting expired cache entries - consider increasing the maximum size of the cache
21-Nov-2025 18:35:26.354 WARNING [http-nio-8080-exec-2] org.apache.catalina.webresources.Cache.getResource Unable to add the resource at [/login.jsp] to the cache for web application [/JavaQuizPlatform] because there was insufficient free space available after evicting expired cache entries - consider increasing the maximum size of the cache
21-Nov-2025 18:35:26.374 WARNING [http-nio-8080-exec-2] org.apache.catalina.webresources.Cache.getResources Unable to add the resource at [/WEB-INF/classes/META-INF/org.apache.jasper/tagPlugins.xml] to the cache for web application [{1}] because there was insufficient free space available after evicting expired cache entries - consider increasing the maximum size of the cache
21-Nov-2025 18:35:26.375 WARNING [http-nio-8080-exec-2] org.apache.catalina.webresources.Cache.getResource Unable to add the resource at [/WEB-INF/tagPlugins.xml] to the cache for web application [/JavaQuizPlatform] because there was insufficient free space available after evicting expired cache entries - consider increasing the maximum size of the cache
21-Nov-2025 18:35:28.486 INFO [Catalina-utility-2] org.apache.catalina.webresources.Cache.backgroundProcess The background cache eviction process was unable to free [10] percent of the cache for Context [/JavaQuizPlatform] - consider increasing the maximum size of the cache. After eviction approximately [10,032] KiB of data remained in the cache.
21-Nov-2025 20:26:27.215 INFO [main] org.apache.catalina.core.StandardServer.await A valid shutdown command was received via the shutdown port. Stopping the Server instance.
21-Nov-2025 20:26:27.222 INFO [main] org.apache.coyote.AbstractProtocol.pause Pausing ProtocolHandler ["http-nio-8080"]
21-Nov-2025 20:26:27.251 INFO [main] org.apache.catalina.core.StandardService.stopInternal Stopping service [Catalina]
21-Nov-2025 20:26:27.315 INFO [main] org.apache.coyote.AbstractProtocol.stop Stopping ProtocolHandler ["http-nio-8080"]
21-Nov-2025 20:26:27.340 INFO [main] org.apache.coyote.AbstractProtocol.destroy Destroying ProtocolHandler ["http-nio-8080"]
