22-Nov-2025 12:34:01.793 INFO [main] org.apache.catalina.core.ApplicationContext.log ContextListener: contextInitialized()
22-Nov-2025 12:34:01.793 INFO [main] org.apache.catalina.core.ApplicationContext.log SessionListener: contextInitialized()
22-Nov-2025 12:34:01.797 INFO [main] org.apache.catalina.core.ApplicationContext.log ContextListener: attributeAdded('StockTicker', 'async.Stockticker@767f6ee7')
22-Nov-2025 12:35:14.774 SEVERE [http-nio-8080-exec-12] org.apache.catalina.core.StandardWrapperValve.invoke Servlet.service() for servlet [servlets.LoginServlet] in context with path [/JavaQuizPlatform] threw exception
	java.lang.NullPointerException: Cannot invoke "java.sql.Connection.prepareStatement(String)" because "this.conn" is null
		at dao.UserDAO.login(UserDAO.java:118)
		at servlets.LoginServlet.doPost(LoginServlet.java:26)
		at jakarta.servlet.http.HttpServlet.service(HttpServlet.java:590)
		at jakarta.servlet.http.HttpServlet.service(HttpServlet.java:658)
		at org.apache.catalina.core.ApplicationFilterChain.internalDoFilter(ApplicationFilterChain.java:193)
		at org.apache.catalina.core.ApplicationFilterChain.doFilter(ApplicationFilterChain.java:138)
		at org.apache.tomcat.websocket.server.WsFilter.doFilter(WsFilter.java:51)
		at org.apache.catalina.core.ApplicationFilterChain.internalDoFilter(ApplicationFilterChain.java:162)
		at org.apache.catalina.core.ApplicationFilterChain.doFilter(ApplicationFilterChain.java:138)
		at filter.AuthFilter.doFilter(AuthFilter.java:38)
		at org.apache.catalina.core.ApplicationFilterChain.internalDoFilter(ApplicationFilterChain.java:162)
		at org.apache.catalina.core.ApplicationFilterChain.doFilter(ApplicationFilterChain.java:138)
		at org.apache.catalina.core.StandardWrapperValve.invoke(StandardWrapperValve.java:165)
		at org.apache.catalina.core.StandardContextValve.invoke(StandardContextValve.java:88)
		at org.apache.catalina.authenticator.AuthenticatorBase.invoke(AuthenticatorBase.java:482)
		at org.apache.catalina.core.StandardHostValve.invoke(StandardHostValve.java:113)
		at org.apache.catalina.valves.ErrorReportValve.invoke(ErrorReportValve.java:83)
		at org.apache.catalina.valves.AbstractAccessLogValve.invoke(AbstractAccessLogValve.java:654)
		at org.apache.catalina.core.StandardEngineValve.invoke(StandardEngineValve.java:72)
		at org.apache.catalina.connector.CoyoteAdapter.service(CoyoteAdapter.java:342)
		at org.apache.coyote.http11.Http11Processor.service(Http11Processor.java:399)
		at org.apache.coyote.AbstractProcessorLight.process(AbstractProcessorLight.java:63)
		at org.apache.coyote.AbstractProtocol$ConnectionHandler.process(AbstractProtocol.java:903)
		at org.apache.tomcat.util.net.NioEndpoint$SocketProcessor.doRun(NioEndpoint.java:1774)
		at org.apache.tomcat.util.net.SocketProcessorBase.run(SocketProcessorBase.java:52)
		at org.apache.tomcat.util.threads.ThreadPoolExecutor.runWorker(ThreadPoolExecutor.java:973)
		at org.apache.tomcat.util.threads.ThreadPoolExecutor$Worker.run(ThreadPoolExecutor.java:491)
		at org.apache.tomcat.util.threads.TaskThread$WrappingRunnable.run(TaskThread.java:63)
		at java.base/java.lang.Thread.run(Thread.java:1575)
22-Nov-2025 12:40:21.823 SEVERE [53] org.apache.catalina.core.StandardWrapperValve.invoke Servlet.service() for servlet [servlets.LoginServlet] in context with path [/JavaQuizPlatform] threw exception
	java.lang.NullPointerException: Cannot invoke "java.sql.Connection.prepareStatement(String)" because "this.conn" is null
		at dao.UserDAO.login(UserDAO.java:118)
		at servlets.LoginServlet.doPost(LoginServlet.java:26)
		at jakarta.servlet.http.HttpServlet.service(HttpServlet.java:590)
		at jakarta.servlet.http.HttpServlet.service(HttpServlet.java:658)
		at org.apache.catalina.core.ApplicationFilterChain.internalDoFilter(ApplicationFilterChain.java:193)
		at org.apache.catalina.core.ApplicationFilterChain.doFilter(ApplicationFilterChain.java:138)
		at org.apache.tomcat.websocket.server.WsFilter.doFilter(WsFilter.java:51)
		at org.apache.catalina.core.ApplicationFilterChain.internalDoFilter(ApplicationFilterChain.java:162)
		at org.apache.catalina.core.ApplicationFilterChain.doFilter(ApplicationFilterChain.java:138)
		at filter.AuthFilter.doFilter(AuthFilter.java:38)
		at org.apache.catalina.core.ApplicationFilterChain.internalDoFilter(ApplicationFilterChain.java:162)
		at org.apache.catalina.core.ApplicationFilterChain.doFilter(ApplicationFilterChain.java:138)
		at org.apache.catalina.core.StandardWrapperValve.invoke(StandardWrapperValve.java:165)
		at org.apache.catalina.core.StandardContextValve.invoke(StandardContextValve.java:88)
		at org.apache.catalina.authenticator.AuthenticatorBase.invoke(AuthenticatorBase.java:482)
		at org.apache.catalina.core.StandardHostValve.invoke(StandardHostValve.java:113)
		at org.apache.catalina.valves.ErrorReportValve.invoke(ErrorReportValve.java:83)
		at org.apache.catalina.valves.AbstractAccessLogValve.invoke(AbstractAccessLogValve.java:654)
		at org.apache.catalina.core.StandardEngineValve.invoke(StandardEngineValve.java:72)
		at org.apache.catalina.connector.CoyoteAdapter.service(CoyoteAdapter.java:342)
		at org.apache.coyote.http11.Http11Processor.service(Http11Processor.java:399)
		at org.apache.coyote.AbstractProcessorLight.process(AbstractProcessorLight.java:63)
		at org.apache.coyote.AbstractProtocol$ConnectionHandler.process(AbstractProtocol.java:903)
		at org.apache.tomcat.util.net.NioEndpoint$SocketProcessor.doRun(NioEndpoint.java:1774)
		at org.apache.tomcat.util.net.SocketProcessorBase.run(SocketProcessorBase.java:52)
		at org.apache.tomcat.util.threads.ThreadPoolExecutor.runWorker(ThreadPoolExecutor.java:973)
		at org.apache.tomcat.util.threads.ThreadPoolExecutor$Worker.run(ThreadPoolExecutor.java:491)
		at org.apache.tomcat.util.threads.TaskThread$WrappingRunnable.run(TaskThread.java:63)
		at java.base/java.lang.Thread.run(Thread.java:1575)
22-Nov-2025 13:04:25.711 SEVERE [http-nio-8080-exec-33] org.apache.catalina.core.StandardWrapperValve.invoke Servlet.service() for servlet [servlets.LoginServlet] in context with path [/JavaQuizPlatform] threw exception
	java.lang.NullPointerException: Cannot invoke "java.sql.Connection.prepareStatement(String)" because "this.conn" is null
		at dao.UserDAO.login(UserDAO.java:118)
		at servlets.LoginServlet.doPost(LoginServlet.java:26)
		at jakarta.servlet.http.HttpServlet.service(HttpServlet.java:590)
		at jakarta.servlet.http.HttpServlet.service(HttpServlet.java:658)
		at org.apache.catalina.core.ApplicationFilterChain.internalDoFilter(ApplicationFilterChain.java:193)
		at org.apache.catalina.core.ApplicationFilterChain.doFilter(ApplicationFilterChain.java:138)
		at org.apache.tomcat.websocket.server.WsFilter.doFilter(WsFilter.java:51)
		at org.apache.catalina.core.ApplicationFilterChain.internalDoFilter(ApplicationFilterChain.java:162)
		at org.apache.catalina.core.ApplicationFilterChain.doFilter(ApplicationFilterChain.java:138)
		at filter.AuthFilter.doFilter(AuthFilter.java:38)
		at org.apache.catalina.core.ApplicationFilterChain.internalDoFilter(ApplicationFilterChain.java:162)
		at org.apache.catalina.core.ApplicationFilterChain.doFilter(ApplicationFilterChain.java:138)
		at org.apache.catalina.core.StandardWrapperValve.invoke(StandardWrapperValve.java:165)
		at org.apache.catalina.core.StandardContextValve.invoke(StandardContextValve.java:88)
		at org.apache.catalina.authenticator.AuthenticatorBase.invoke(AuthenticatorBase.java:482)
		at org.apache.catalina.core.StandardHostValve.invoke(StandardHostValve.java:113)
		at org.apache.catalina.valves.ErrorReportValve.invoke(ErrorReportValve.java:83)
		at org.apache.catalina.valves.AbstractAccessLogValve.invoke(AbstractAccessLogValve.java:654)
		at org.apache.catalina.core.StandardEngineValve.invoke(StandardEngineValve.java:72)
		at org.apache.catalina.connector.CoyoteAdapter.service(CoyoteAdapter.java:342)
		at org.apache.coyote.http11.Http11Processor.service(Http11Processor.java:399)
		at org.apache.coyote.AbstractProcessorLight.process(AbstractProcessorLight.java:63)
		at org.apache.coyote.AbstractProtocol$ConnectionHandler.process(AbstractProtocol.java:903)
		at org.apache.tomcat.util.net.NioEndpoint$SocketProcessor.doRun(NioEndpoint.java:1774)
		at org.apache.tomcat.util.net.SocketProcessorBase.run(SocketProcessorBase.java:52)
		at org.apache.tomcat.util.threads.ThreadPoolExecutor.runWorker(ThreadPoolExecutor.java:973)
		at org.apache.tomcat.util.threads.ThreadPoolExecutor$Worker.run(ThreadPoolExecutor.java:491)
		at org.apache.tomcat.util.threads.TaskThread$WrappingRunnable.run(TaskThread.java:63)
		at java.base/java.lang.Thread.run(Thread.java:1575)
22-Nov-2025 13:20:31.394 SEVERE [http-nio-8080-exec-35] org.apache.catalina.core.StandardWrapperValve.invoke Servlet.service() for servlet [servlets.LoginServlet] in context with path [/JavaQuizPlatform] threw exception
	java.lang.NullPointerException: Cannot invoke "java.sql.Connection.prepareStatement(String)" because "this.conn" is null
		at dao.UserDAO.login(UserDAO.java:118)
		at servlets.LoginServlet.doPost(LoginServlet.java:26)
		at jakarta.servlet.http.HttpServlet.service(HttpServlet.java:590)
		at jakarta.servlet.http.HttpServlet.service(HttpServlet.java:658)
		at org.apache.catalina.core.ApplicationFilterChain.internalDoFilter(ApplicationFilterChain.java:193)
		at org.apache.catalina.core.ApplicationFilterChain.doFilter(ApplicationFilterChain.java:138)
		at org.apache.tomcat.websocket.server.WsFilter.doFilter(WsFilter.java:51)
		at org.apache.catalina.core.ApplicationFilterChain.internalDoFilter(ApplicationFilterChain.java:162)
		at org.apache.catalina.core.ApplicationFilterChain.doFilter(ApplicationFilterChain.java:138)
		at filter.AuthFilter.doFilter(AuthFilter.java:38)
		at org.apache.catalina.core.ApplicationFilterChain.internalDoFilter(ApplicationFilterChain.java:162)
		at org.apache.catalina.core.ApplicationFilterChain.doFilter(ApplicationFilterChain.java:138)
		at org.apache.catalina.core.StandardWrapperValve.invoke(StandardWrapperValve.java:165)
		at org.apache.catalina.core.StandardContextValve.invoke(StandardContextValve.java:88)
		at org.apache.catalina.authenticator.AuthenticatorBase.invoke(AuthenticatorBase.java:482)
		at org.apache.catalina.core.StandardHostValve.invoke(StandardHostValve.java:113)
		at org.apache.catalina.valves.ErrorReportValve.invoke(ErrorReportValve.java:83)
		at org.apache.catalina.valves.AbstractAccessLogValve.invoke(AbstractAccessLogValve.java:654)
		at org.apache.catalina.core.StandardEngineValve.invoke(StandardEngineValve.java:72)
		at org.apache.catalina.connector.CoyoteAdapter.service(CoyoteAdapter.java:342)
		at org.apache.coyote.http11.Http11Processor.service(Http11Processor.java:399)
		at org.apache.coyote.AbstractProcessorLight.process(AbstractProcessorLight.java:63)
		at org.apache.coyote.AbstractProtocol$ConnectionHandler.process(AbstractProtocol.java:903)
		at org.apache.tomcat.util.net.NioEndpoint$SocketProcessor.doRun(NioEndpoint.java:1774)
		at org.apache.tomcat.util.net.SocketProcessorBase.run(SocketProcessorBase.java:52)
		at org.apache.tomcat.util.threads.ThreadPoolExecutor.runWorker(ThreadPoolExecutor.java:973)
		at org.apache.tomcat.util.threads.ThreadPoolExecutor$Worker.run(ThreadPoolExecutor.java:491)
		at org.apache.tomcat.util.threads.TaskThread$WrappingRunnable.run(TaskThread.java:63)
		at java.base/java.lang.Thread.run(Thread.java:1575)
22-Nov-2025 13:21:08.341 SEVERE [http-nio-8080-exec-44] org.apache.catalina.core.StandardWrapperValve.invoke Servlet.service() for servlet [servlets.LoginServlet] in context with path [/JavaQuizPlatform] threw exception
	java.lang.NullPointerException: Cannot invoke "java.sql.Connection.prepareStatement(String)" because "this.conn" is null
		at dao.UserDAO.login(UserDAO.java:118)
		at servlets.LoginServlet.doPost(LoginServlet.java:26)
		at jakarta.servlet.http.HttpServlet.service(HttpServlet.java:590)
		at jakarta.servlet.http.HttpServlet.service(HttpServlet.java:658)
		at org.apache.catalina.core.ApplicationFilterChain.internalDoFilter(ApplicationFilterChain.java:193)
		at org.apache.catalina.core.ApplicationFilterChain.doFilter(ApplicationFilterChain.java:138)
		at org.apache.tomcat.websocket.server.WsFilter.doFilter(WsFilter.java:51)
		at org.apache.catalina.core.ApplicationFilterChain.internalDoFilter(ApplicationFilterChain.java:162)
		at org.apache.catalina.core.ApplicationFilterChain.doFilter(ApplicationFilterChain.java:138)
		at filter.AuthFilter.doFilter(AuthFilter.java:38)
		at org.apache.catalina.core.ApplicationFilterChain.internalDoFilter(ApplicationFilterChain.java:162)
		at org.apache.catalina.core.ApplicationFilterChain.doFilter(ApplicationFilterChain.java:138)
		at org.apache.catalina.core.StandardWrapperValve.invoke(StandardWrapperValve.java:165)
		at org.apache.catalina.core.StandardContextValve.invoke(StandardContextValve.java:88)
		at org.apache.catalina.authenticator.AuthenticatorBase.invoke(AuthenticatorBase.java:482)
		at org.apache.catalina.core.StandardHostValve.invoke(StandardHostValve.java:113)
		at org.apache.catalina.valves.ErrorReportValve.invoke(ErrorReportValve.java:83)
		at org.apache.catalina.valves.AbstractAccessLogValve.invoke(AbstractAccessLogValve.java:654)
		at org.apache.catalina.core.StandardEngineValve.invoke(StandardEngineValve.java:72)
		at org.apache.catalina.connector.CoyoteAdapter.service(CoyoteAdapter.java:342)
		at org.apache.coyote.http11.Http11Processor.service(Http11Processor.java:399)
		at org.apache.coyote.AbstractProcessorLight.process(AbstractProcessorLight.java:63)
		at org.apache.coyote.AbstractProtocol$ConnectionHandler.process(AbstractProtocol.java:903)
		at org.apache.tomcat.util.net.NioEndpoint$SocketProcessor.doRun(NioEndpoint.java:1774)
		at org.apache.tomcat.util.net.SocketProcessorBase.run(SocketProcessorBase.java:52)
		at org.apache.tomcat.util.threads.ThreadPoolExecutor.runWorker(ThreadPoolExecutor.java:973)
		at org.apache.tomcat.util.threads.ThreadPoolExecutor$Worker.run(ThreadPoolExecutor.java:491)
		at org.apache.tomcat.util.threads.TaskThread$WrappingRunnable.run(TaskThread.java:63)
		at java.base/java.lang.Thread.run(Thread.java:1575)
22-Nov-2025 13:45:21.081 SEVERE [http-nio-8080-exec-65] org.apache.catalina.core.StandardWrapperValve.invoke Servlet.service() for servlet [jsp] in context with path [/JavaQuizPlatform] threw exception [org.apache.jasper.JasperException: /approve-quizzes.jsp (line: [22], column: [1]) Page directive: illegal to have multiple occurrences of 'contentType' with different values (old: [text/html;charset=UTF-8], new: [text/html; charset=UTF-8])] with root cause
	org.apache.jasper.JasperException: /approve-quizzes.jsp (line: [22], column: [1]) Page directive: illegal to have multiple occurrences of 'contentType' with different values (old: [text/html;charset=UTF-8], new: [text/html; charset=UTF-8])
		at org.apache.jasper.compiler.DefaultErrorHandler.jspError(DefaultErrorHandler.java:29)
		at org.apache.jasper.compiler.ErrorDispatcher.dispatch(ErrorDispatcher.java:265)
		at org.apache.jasper.compiler.ErrorDispatcher.jspError(ErrorDispatcher.java:102)
		at org.apache.jasper.compiler.Validator$DirectiveVisitor.visit(Validator.java:123)
		at org.apache.jasper.compiler.Node$PageDirective.accept(Node.java:537)
		at org.apache.jasper.compiler.Node$Nodes.visit(Node.java:2237)
		at org.apache.jasper.compiler.Node$Visitor.visitBody(Node.java:2293)
		at org.apache.jasper.compiler.Node$Visitor.visit(Node.java:2299)
		at org.apache.jasper.compiler.Node$Root.accept(Node.java:432)
		at org.apache.jasper.compiler.Node$Nodes.visit(Node.java:2237)
		at org.apache.jasper.compiler.Validator.validateDirectives(Validator.java:1609)
		at org.apache.jasper.compiler.Compiler.generateJava(Compiler.java:185)
		at org.apache.jasper.compiler.Compiler.compile(Compiler.java:361)
		at org.apache.jasper.compiler.Compiler.compile(Compiler.java:339)
		at org.apache.jasper.compiler.Compiler.compile(Compiler.java:325)
		at org.apache.jasper.JspCompilationContext.compile(JspCompilationContext.java:586)
		at org.apache.jasper.servlet.JspServletWrapper.service(JspServletWrapper.java:368)
		at org.apache.jasper.servlet.JspServlet.serviceJspFile(JspServlet.java:350)
		at org.apache.jasper.servlet.JspServlet.service(JspServlet.java:301)
		at jakarta.servlet.http.HttpServlet.service(HttpServlet.java:658)
		at org.apache.catalina.core.ApplicationFilterChain.internalDoFilter(ApplicationFilterChain.java:193)
		at org.apache.catalina.core.ApplicationFilterChain.doFilter(ApplicationFilterChain.java:138)
		at org.apache.tomcat.websocket.server.WsFilter.doFilter(WsFilter.java:51)
		at org.apache.catalina.core.ApplicationFilterChain.internalDoFilter(ApplicationFilterChain.java:162)
		at org.apache.catalina.core.ApplicationFilterChain.doFilter(ApplicationFilterChain.java:138)
		at filter.AuthFilter.doFilter(AuthFilter.java:38)
		at org.apache.catalina.core.ApplicationFilterChain.internalDoFilter(ApplicationFilterChain.java:162)
		at org.apache.catalina.core.ApplicationFilterChain.doFilter(ApplicationFilterChain.java:138)
		at org.apache.catalina.core.StandardWrapperValve.invoke(StandardWrapperValve.java:165)
		at org.apache.catalina.core.StandardContextValve.invoke(StandardContextValve.java:88)
		at org.apache.catalina.authenticator.AuthenticatorBase.invoke(AuthenticatorBase.java:482)
		at org.apache.catalina.core.StandardHostValve.invoke(StandardHostValve.java:113)
		at org.apache.catalina.valves.ErrorReportValve.invoke(ErrorReportValve.java:83)
		at org.apache.catalina.valves.AbstractAccessLogValve.invoke(AbstractAccessLogValve.java:654)
		at org.apache.catalina.core.StandardEngineValve.invoke(StandardEngineValve.java:72)
		at org.apache.catalina.connector.CoyoteAdapter.service(CoyoteAdapter.java:342)
		at org.apache.coyote.http11.Http11Processor.service(Http11Processor.java:399)
		at org.apache.coyote.AbstractProcessorLight.process(AbstractProcessorLight.java:63)
		at org.apache.coyote.AbstractProtocol$ConnectionHandler.process(AbstractProtocol.java:903)
		at org.apache.tomcat.util.net.NioEndpoint$SocketProcessor.doRun(NioEndpoint.java:1774)
		at org.apache.tomcat.util.net.SocketProcessorBase.run(SocketProcessorBase.java:52)
		at org.apache.tomcat.util.threads.ThreadPoolExecutor.runWorker(ThreadPoolExecutor.java:973)
		at org.apache.tomcat.util.threads.ThreadPoolExecutor$Worker.run(ThreadPoolExecutor.java:491)
		at org.apache.tomcat.util.threads.TaskThread$WrappingRunnable.run(TaskThread.java:63)
		at java.base/java.lang.Thread.run(Thread.java:1575)
22-Nov-2025 13:45:25.170 SEVERE [http-nio-8080-exec-67] org.apache.catalina.core.StandardWrapperValve.invoke Servlet.service() for servlet [jsp] in context with path [/JavaQuizPlatform] threw exception [org.apache.jasper.JasperException: /manage-users.jsp (line: [22], column: [1]) Page directive: illegal to have multiple occurrences of 'contentType' with different values (old: [text/html;charset=UTF-8], new: [text/html; charset=UTF-8])] with root cause
	org.apache.jasper.JasperException: /manage-users.jsp (line: [22], column: [1]) Page directive: illegal to have multiple occurrences of 'contentType' with different values (old: [text/html;charset=UTF-8], new: [text/html; charset=UTF-8])
		at org.apache.jasper.compiler.DefaultErrorHandler.jspError(DefaultErrorHandler.java:29)
		at org.apache.jasper.compiler.ErrorDispatcher.dispatch(ErrorDispatcher.java:265)
		at org.apache.jasper.compiler.ErrorDispatcher.jspError(ErrorDispatcher.java:102)
		at org.apache.jasper.compiler.Validator$DirectiveVisitor.visit(Validator.java:123)
		at org.apache.jasper.compiler.Node$PageDirective.accept(Node.java:537)
		at org.apache.jasper.compiler.Node$Nodes.visit(Node.java:2237)
		at org.apache.jasper.compiler.Node$Visitor.visitBody(Node.java:2293)
		at org.apache.jasper.compiler.Node$Visitor.visit(Node.java:2299)
		at org.apache.jasper.compiler.Node$Root.accept(Node.java:432)
		at org.apache.jasper.compiler.Node$Nodes.visit(Node.java:2237)
		at org.apache.jasper.compiler.Validator.validateDirectives(Validator.java:1609)
		at org.apache.jasper.compiler.Compiler.generateJava(Compiler.java:185)
		at org.apache.jasper.compiler.Compiler.compile(Compiler.java:361)
		at org.apache.jasper.compiler.Compiler.compile(Compiler.java:339)
		at org.apache.jasper.compiler.Compiler.compile(Compiler.java:325)
		at org.apache.jasper.JspCompilationContext.compile(JspCompilationContext.java:586)
		at org.apache.jasper.servlet.JspServletWrapper.service(JspServletWrapper.java:368)
		at org.apache.jasper.servlet.JspServlet.serviceJspFile(JspServlet.java:350)
		at org.apache.jasper.servlet.JspServlet.service(JspServlet.java:301)
		at jakarta.servlet.http.HttpServlet.service(HttpServlet.java:658)
		at org.apache.catalina.core.ApplicationFilterChain.internalDoFilter(ApplicationFilterChain.java:193)
		at org.apache.catalina.core.ApplicationFilterChain.doFilter(ApplicationFilterChain.java:138)
		at org.apache.tomcat.websocket.server.WsFilter.doFilter(WsFilter.java:51)
		at org.apache.catalina.core.ApplicationFilterChain.internalDoFilter(ApplicationFilterChain.java:162)
		at org.apache.catalina.core.ApplicationFilterChain.doFilter(ApplicationFilterChain.java:138)
		at filter.AuthFilter.doFilter(AuthFilter.java:38)
		at org.apache.catalina.core.ApplicationFilterChain.internalDoFilter(ApplicationFilterChain.java:162)
		at org.apache.catalina.core.ApplicationFilterChain.doFilter(ApplicationFilterChain.java:138)
		at org.apache.catalina.core.StandardWrapperValve.invoke(StandardWrapperValve.java:165)
		at org.apache.catalina.core.StandardContextValve.invoke(StandardContextValve.java:88)
		at org.apache.catalina.authenticator.AuthenticatorBase.invoke(AuthenticatorBase.java:482)
		at org.apache.catalina.core.StandardHostValve.invoke(StandardHostValve.java:113)
		at org.apache.catalina.valves.ErrorReportValve.invoke(ErrorReportValve.java:83)
		at org.apache.catalina.valves.AbstractAccessLogValve.invoke(AbstractAccessLogValve.java:654)
		at org.apache.catalina.core.StandardEngineValve.invoke(StandardEngineValve.java:72)
		at org.apache.catalina.connector.CoyoteAdapter.service(CoyoteAdapter.java:342)
		at org.apache.coyote.http11.Http11Processor.service(Http11Processor.java:399)
		at org.apache.coyote.AbstractProcessorLight.process(AbstractProcessorLight.java:63)
		at org.apache.coyote.AbstractProtocol$ConnectionHandler.process(AbstractProtocol.java:903)
		at org.apache.tomcat.util.net.NioEndpoint$SocketProcessor.doRun(NioEndpoint.java:1774)
		at org.apache.tomcat.util.net.SocketProcessorBase.run(SocketProcessorBase.java:52)
		at org.apache.tomcat.util.threads.ThreadPoolExecutor.runWorker(ThreadPoolExecutor.java:973)
		at org.apache.tomcat.util.threads.ThreadPoolExecutor$Worker.run(ThreadPoolExecutor.java:491)
		at org.apache.tomcat.util.threads.TaskThread$WrappingRunnable.run(TaskThread.java:63)
		at java.base/java.lang.Thread.run(Thread.java:1575)
22-Nov-2025 13:45:34.044 SEVERE [http-nio-8080-exec-61] org.apache.catalina.core.StandardWrapperValve.invoke Servlet.service() for servlet [jsp] in context with path [/JavaQuizPlatform] threw exception [org.apache.jasper.JasperException: /system-settings.jsp (line: [13], column: [1]) Page directive: illegal to have multiple occurrences of 'contentType' with different values (old: [text/html;charset=UTF-8], new: [text/html; charset=UTF-8])] with root cause
	org.apache.jasper.JasperException: /system-settings.jsp (line: [13], column: [1]) Page directive: illegal to have multiple occurrences of 'contentType' with different values (old: [text/html;charset=UTF-8], new: [text/html; charset=UTF-8])
		at org.apache.jasper.compiler.DefaultErrorHandler.jspError(DefaultErrorHandler.java:29)
		at org.apache.jasper.compiler.ErrorDispatcher.dispatch(ErrorDispatcher.java:265)
		at org.apache.jasper.compiler.ErrorDispatcher.jspError(ErrorDispatcher.java:102)
		at org.apache.jasper.compiler.Validator$DirectiveVisitor.visit(Validator.java:123)
		at org.apache.jasper.compiler.Node$PageDirective.accept(Node.java:537)
		at org.apache.jasper.compiler.Node$Nodes.visit(Node.java:2237)
		at org.apache.jasper.compiler.Node$Visitor.visitBody(Node.java:2293)
		at org.apache.jasper.compiler.Node$Visitor.visit(Node.java:2299)
		at org.apache.jasper.compiler.Node$Root.accept(Node.java:432)
		at org.apache.jasper.compiler.Node$Nodes.visit(Node.java:2237)
		at org.apache.jasper.compiler.Validator.validateDirectives(Validator.java:1609)
		at org.apache.jasper.compiler.Compiler.generateJava(Compiler.java:185)
		at org.apache.jasper.compiler.Compiler.compile(Compiler.java:361)
		at org.apache.jasper.compiler.Compiler.compile(Compiler.java:339)
		at org.apache.jasper.compiler.Compiler.compile(Compiler.java:325)
		at org.apache.jasper.JspCompilationContext.compile(JspCompilationContext.java:586)
		at org.apache.jasper.servlet.JspServletWrapper.service(JspServletWrapper.java:368)
		at org.apache.jasper.servlet.JspServlet.serviceJspFile(JspServlet.java:350)
		at org.apache.jasper.servlet.JspServlet.service(JspServlet.java:301)
		at jakarta.servlet.http.HttpServlet.service(HttpServlet.java:658)
		at org.apache.catalina.core.ApplicationFilterChain.internalDoFilter(ApplicationFilterChain.java:193)
		at org.apache.catalina.core.ApplicationFilterChain.doFilter(ApplicationFilterChain.java:138)
		at org.apache.tomcat.websocket.server.WsFilter.doFilter(WsFilter.java:51)
		at org.apache.catalina.core.ApplicationFilterChain.internalDoFilter(ApplicationFilterChain.java:162)
		at org.apache.catalina.core.ApplicationFilterChain.doFilter(ApplicationFilterChain.java:138)
		at filter.AuthFilter.doFilter(AuthFilter.java:38)
		at org.apache.catalina.core.ApplicationFilterChain.internalDoFilter(ApplicationFilterChain.java:162)
		at org.apache.catalina.core.ApplicationFilterChain.doFilter(ApplicationFilterChain.java:138)
		at org.apache.catalina.core.StandardWrapperValve.invoke(StandardWrapperValve.java:165)
		at org.apache.catalina.core.StandardContextValve.invoke(StandardContextValve.java:88)
		at org.apache.catalina.authenticator.AuthenticatorBase.invoke(AuthenticatorBase.java:482)
		at org.apache.catalina.core.StandardHostValve.invoke(StandardHostValve.java:113)
		at org.apache.catalina.valves.ErrorReportValve.invoke(ErrorReportValve.java:83)
		at org.apache.catalina.valves.AbstractAccessLogValve.invoke(AbstractAccessLogValve.java:654)
		at org.apache.catalina.core.StandardEngineValve.invoke(StandardEngineValve.java:72)
		at org.apache.catalina.connector.CoyoteAdapter.service(CoyoteAdapter.java:342)
		at org.apache.coyote.http11.Http11Processor.service(Http11Processor.java:399)
		at org.apache.coyote.AbstractProcessorLight.process(AbstractProcessorLight.java:63)
		at org.apache.coyote.AbstractProtocol$ConnectionHandler.process(AbstractProtocol.java:903)
		at org.apache.tomcat.util.net.NioEndpoint$SocketProcessor.doRun(NioEndpoint.java:1774)
		at org.apache.tomcat.util.net.SocketProcessorBase.run(SocketProcessorBase.java:52)
		at org.apache.tomcat.util.threads.ThreadPoolExecutor.runWorker(ThreadPoolExecutor.java:973)
		at org.apache.tomcat.util.threads.ThreadPoolExecutor$Worker.run(ThreadPoolExecutor.java:491)
		at org.apache.tomcat.util.threads.TaskThread$WrappingRunnable.run(TaskThread.java:63)
		at java.base/java.lang.Thread.run(Thread.java:1575)
22-Nov-2025 13:46:22.873 SEVERE [http-nio-8080-exec-64] org.apache.catalina.core.StandardWrapperValve.invoke Servlet.service() for servlet [jsp] in context with path [/JavaQuizPlatform] threw exception [org.apache.jasper.JasperException: /manage-users.jsp (line: [22], column: [1]) Page directive: illegal to have multiple occurrences of 'contentType' with different values (old: [text/html;charset=UTF-8], new: [text/html; charset=UTF-8])] with root cause
	org.apache.jasper.JasperException: /manage-users.jsp (line: [22], column: [1]) Page directive: illegal to have multiple occurrences of 'contentType' with different values (old: [text/html;charset=UTF-8], new: [text/html; charset=UTF-8])
		at org.apache.jasper.compiler.DefaultErrorHandler.jspError(DefaultErrorHandler.java:29)
		at org.apache.jasper.compiler.ErrorDispatcher.dispatch(ErrorDispatcher.java:265)
		at org.apache.jasper.compiler.ErrorDispatcher.jspError(ErrorDispatcher.java:102)
		at org.apache.jasper.compiler.Validator$DirectiveVisitor.visit(Validator.java:123)
		at org.apache.jasper.compiler.Node$PageDirective.accept(Node.java:537)
		at org.apache.jasper.compiler.Node$Nodes.visit(Node.java:2237)
		at org.apache.jasper.compiler.Node$Visitor.visitBody(Node.java:2293)
		at org.apache.jasper.compiler.Node$Visitor.visit(Node.java:2299)
		at org.apache.jasper.compiler.Node$Root.accept(Node.java:432)
		at org.apache.jasper.compiler.Node$Nodes.visit(Node.java:2237)
		at org.apache.jasper.compiler.Validator.validateDirectives(Validator.java:1609)
		at org.apache.jasper.compiler.Compiler.generateJava(Compiler.java:185)
		at org.apache.jasper.compiler.Compiler.compile(Compiler.java:361)
		at org.apache.jasper.compiler.Compiler.compile(Compiler.java:339)
		at org.apache.jasper.compiler.Compiler.compile(Compiler.java:325)
		at org.apache.jasper.JspCompilationContext.compile(JspCompilationContext.java:586)
		at org.apache.jasper.servlet.JspServletWrapper.service(JspServletWrapper.java:368)
		at org.apache.jasper.servlet.JspServlet.serviceJspFile(JspServlet.java:350)
		at org.apache.jasper.servlet.JspServlet.service(JspServlet.java:301)
		at jakarta.servlet.http.HttpServlet.service(HttpServlet.java:658)
		at org.apache.catalina.core.ApplicationFilterChain.internalDoFilter(ApplicationFilterChain.java:193)
		at org.apache.catalina.core.ApplicationFilterChain.doFilter(ApplicationFilterChain.java:138)
		at org.apache.tomcat.websocket.server.WsFilter.doFilter(WsFilter.java:51)
		at org.apache.catalina.core.ApplicationFilterChain.internalDoFilter(ApplicationFilterChain.java:162)
		at org.apache.catalina.core.ApplicationFilterChain.doFilter(ApplicationFilterChain.java:138)
		at filter.AuthFilter.doFilter(AuthFilter.java:38)
		at org.apache.catalina.core.ApplicationFilterChain.internalDoFilter(ApplicationFilterChain.java:162)
		at org.apache.catalina.core.ApplicationFilterChain.doFilter(ApplicationFilterChain.java:138)
		at org.apache.catalina.core.StandardWrapperValve.invoke(StandardWrapperValve.java:165)
		at org.apache.catalina.core.StandardContextValve.invoke(StandardContextValve.java:88)
		at org.apache.catalina.authenticator.AuthenticatorBase.invoke(AuthenticatorBase.java:482)
		at org.apache.catalina.core.StandardHostValve.invoke(StandardHostValve.java:113)
		at org.apache.catalina.valves.ErrorReportValve.invoke(ErrorReportValve.java:83)
		at org.apache.catalina.valves.AbstractAccessLogValve.invoke(AbstractAccessLogValve.java:654)
		at org.apache.catalina.core.StandardEngineValve.invoke(StandardEngineValve.java:72)
		at org.apache.catalina.connector.CoyoteAdapter.service(CoyoteAdapter.java:342)
		at org.apache.coyote.http11.Http11Processor.service(Http11Processor.java:399)
		at org.apache.coyote.AbstractProcessorLight.process(AbstractProcessorLight.java:63)
		at org.apache.coyote.AbstractProtocol$ConnectionHandler.process(AbstractProtocol.java:903)
		at org.apache.tomcat.util.net.NioEndpoint$SocketProcessor.doRun(NioEndpoint.java:1774)
		at org.apache.tomcat.util.net.SocketProcessorBase.run(SocketProcessorBase.java:52)
		at org.apache.tomcat.util.threads.ThreadPoolExecutor.runWorker(ThreadPoolExecutor.java:973)
		at org.apache.tomcat.util.threads.ThreadPoolExecutor$Worker.run(ThreadPoolExecutor.java:491)
		at org.apache.tomcat.util.threads.TaskThread$WrappingRunnable.run(TaskThread.java:63)
		at java.base/java.lang.Thread.run(Thread.java:1575)
22-Nov-2025 13:47:17.299 SEVERE [http-nio-8080-exec-67] org.apache.catalina.core.StandardWrapperValve.invoke Servlet.service() for servlet [jsp] in context with path [/JavaQuizPlatform] threw exception [org.apache.jasper.JasperException: /manage-users.jsp (line: [22], column: [1]) Page directive: illegal to have multiple occurrences of 'contentType' with different values (old: [text/html;charset=UTF-8], new: [text/html; charset=UTF-8])] with root cause
	org.apache.jasper.JasperException: /manage-users.jsp (line: [22], column: [1]) Page directive: illegal to have multiple occurrences of 'contentType' with different values (old: [text/html;charset=UTF-8], new: [text/html; charset=UTF-8])
		at org.apache.jasper.compiler.DefaultErrorHandler.jspError(DefaultErrorHandler.java:29)
		at org.apache.jasper.compiler.ErrorDispatcher.dispatch(ErrorDispatcher.java:265)
		at org.apache.jasper.compiler.ErrorDispatcher.jspError(ErrorDispatcher.java:102)
		at org.apache.jasper.compiler.Validator$DirectiveVisitor.visit(Validator.java:123)
		at org.apache.jasper.compiler.Node$PageDirective.accept(Node.java:537)
		at org.apache.jasper.compiler.Node$Nodes.visit(Node.java:2237)
		at org.apache.jasper.compiler.Node$Visitor.visitBody(Node.java:2293)
		at org.apache.jasper.compiler.Node$Visitor.visit(Node.java:2299)
		at org.apache.jasper.compiler.Node$Root.accept(Node.java:432)
		at org.apache.jasper.compiler.Node$Nodes.visit(Node.java:2237)
		at org.apache.jasper.compiler.Validator.validateDirectives(Validator.java:1609)
		at org.apache.jasper.compiler.Compiler.generateJava(Compiler.java:185)
		at org.apache.jasper.compiler.Compiler.compile(Compiler.java:361)
		at org.apache.jasper.compiler.Compiler.compile(Compiler.java:339)
		at org.apache.jasper.compiler.Compiler.compile(Compiler.java:325)
		at org.apache.jasper.JspCompilationContext.compile(JspCompilationContext.java:586)
		at org.apache.jasper.servlet.JspServletWrapper.service(JspServletWrapper.java:368)
		at org.apache.jasper.servlet.JspServlet.serviceJspFile(JspServlet.java:350)
		at org.apache.jasper.servlet.JspServlet.service(JspServlet.java:301)
		at jakarta.servlet.http.HttpServlet.service(HttpServlet.java:658)
		at org.apache.catalina.core.ApplicationFilterChain.internalDoFilter(ApplicationFilterChain.java:193)
		at org.apache.catalina.core.ApplicationFilterChain.doFilter(ApplicationFilterChain.java:138)
		at org.apache.tomcat.websocket.server.WsFilter.doFilter(WsFilter.java:51)
		at org.apache.catalina.core.ApplicationFilterChain.internalDoFilter(ApplicationFilterChain.java:162)
		at org.apache.catalina.core.ApplicationFilterChain.doFilter(ApplicationFilterChain.java:138)
		at filter.AuthFilter.doFilter(AuthFilter.java:38)
		at org.apache.catalina.core.ApplicationFilterChain.internalDoFilter(ApplicationFilterChain.java:162)
		at org.apache.catalina.core.ApplicationFilterChain.doFilter(ApplicationFilterChain.java:138)
		at org.apache.catalina.core.StandardWrapperValve.invoke(StandardWrapperValve.java:165)
		at org.apache.catalina.core.StandardContextValve.invoke(StandardContextValve.java:88)
		at org.apache.catalina.authenticator.AuthenticatorBase.invoke(AuthenticatorBase.java:482)
		at org.apache.catalina.core.StandardHostValve.invoke(StandardHostValve.java:113)
		at org.apache.catalina.valves.ErrorReportValve.invoke(ErrorReportValve.java:83)
		at org.apache.catalina.valves.AbstractAccessLogValve.invoke(AbstractAccessLogValve.java:654)
		at org.apache.catalina.core.StandardEngineValve.invoke(StandardEngineValve.java:72)
		at org.apache.catalina.connector.CoyoteAdapter.service(CoyoteAdapter.java:342)
		at org.apache.coyote.http11.Http11Processor.service(Http11Processor.java:399)
		at org.apache.coyote.AbstractProcessorLight.process(AbstractProcessorLight.java:63)
		at org.apache.coyote.AbstractProtocol$ConnectionHandler.process(AbstractProtocol.java:903)
		at org.apache.tomcat.util.net.NioEndpoint$SocketProcessor.doRun(NioEndpoint.java:1774)
		at org.apache.tomcat.util.net.SocketProcessorBase.run(SocketProcessorBase.java:52)
		at org.apache.tomcat.util.threads.ThreadPoolExecutor.runWorker(ThreadPoolExecutor.java:973)
		at org.apache.tomcat.util.threads.ThreadPoolExecutor$Worker.run(ThreadPoolExecutor.java:491)
		at org.apache.tomcat.util.threads.TaskThread$WrappingRunnable.run(TaskThread.java:63)
		at java.base/java.lang.Thread.run(Thread.java:1575)
22-Nov-2025 13:47:50.497 SEVERE [http-nio-8080-exec-61] org.apache.catalina.core.StandardWrapperValve.invoke Servlet.service() for servlet [jsp] in context with path [/JavaQuizPlatform] threw exception [org.apache.jasper.JasperException: /manage-users.jsp (line: [22], column: [1]) Page directive: illegal to have multiple occurrences of 'contentType' with different values (old: [text/html;charset=UTF-8], new: [text/html; charset=UTF-8])] with root cause
	org.apache.jasper.JasperException: /manage-users.jsp (line: [22], column: [1]) Page directive: illegal to have multiple occurrences of 'contentType' with different values (old: [text/html;charset=UTF-8], new: [text/html; charset=UTF-8])
		at org.apache.jasper.compiler.DefaultErrorHandler.jspError(DefaultErrorHandler.java:29)
		at org.apache.jasper.compiler.ErrorDispatcher.dispatch(ErrorDispatcher.java:265)
		at org.apache.jasper.compiler.ErrorDispatcher.jspError(ErrorDispatcher.java:102)
		at org.apache.jasper.compiler.Validator$DirectiveVisitor.visit(Validator.java:123)
		at org.apache.jasper.compiler.Node$PageDirective.accept(Node.java:537)
		at org.apache.jasper.compiler.Node$Nodes.visit(Node.java:2237)
		at org.apache.jasper.compiler.Node$Visitor.visitBody(Node.java:2293)
		at org.apache.jasper.compiler.Node$Visitor.visit(Node.java:2299)
		at org.apache.jasper.compiler.Node$Root.accept(Node.java:432)
		at org.apache.jasper.compiler.Node$Nodes.visit(Node.java:2237)
		at org.apache.jasper.compiler.Validator.validateDirectives(Validator.java:1609)
		at org.apache.jasper.compiler.Compiler.generateJava(Compiler.java:185)
		at org.apache.jasper.compiler.Compiler.compile(Compiler.java:361)
		at org.apache.jasper.compiler.Compiler.compile(Compiler.java:339)
		at org.apache.jasper.compiler.Compiler.compile(Compiler.java:325)
		at org.apache.jasper.JspCompilationContext.compile(JspCompilationContext.java:586)
		at org.apache.jasper.servlet.JspServletWrapper.service(JspServletWrapper.java:368)
		at org.apache.jasper.servlet.JspServlet.serviceJspFile(JspServlet.java:350)
		at org.apache.jasper.servlet.JspServlet.service(JspServlet.java:301)
		at jakarta.servlet.http.HttpServlet.service(HttpServlet.java:658)
		at org.apache.catalina.core.ApplicationFilterChain.internalDoFilter(ApplicationFilterChain.java:193)
		at org.apache.catalina.core.ApplicationFilterChain.doFilter(ApplicationFilterChain.java:138)
		at org.apache.tomcat.websocket.server.WsFilter.doFilter(WsFilter.java:51)
		at org.apache.catalina.core.ApplicationFilterChain.internalDoFilter(ApplicationFilterChain.java:162)
		at org.apache.catalina.core.ApplicationFilterChain.doFilter(ApplicationFilterChain.java:138)
		at filter.AuthFilter.doFilter(AuthFilter.java:38)
		at org.apache.catalina.core.ApplicationFilterChain.internalDoFilter(ApplicationFilterChain.java:162)
		at org.apache.catalina.core.ApplicationFilterChain.doFilter(ApplicationFilterChain.java:138)
		at org.apache.catalina.core.StandardWrapperValve.invoke(StandardWrapperValve.java:165)
		at org.apache.catalina.core.StandardContextValve.invoke(StandardContextValve.java:88)
		at org.apache.catalina.authenticator.AuthenticatorBase.invoke(AuthenticatorBase.java:482)
		at org.apache.catalina.core.StandardHostValve.invoke(StandardHostValve.java:113)
		at org.apache.catalina.valves.ErrorReportValve.invoke(ErrorReportValve.java:83)
		at org.apache.catalina.valves.AbstractAccessLogValve.invoke(AbstractAccessLogValve.java:654)
		at org.apache.catalina.core.StandardEngineValve.invoke(StandardEngineValve.java:72)
		at org.apache.catalina.connector.CoyoteAdapter.service(CoyoteAdapter.java:342)
		at org.apache.coyote.http11.Http11Processor.service(Http11Processor.java:399)
		at org.apache.coyote.AbstractProcessorLight.process(AbstractProcessorLight.java:63)
		at org.apache.coyote.AbstractProtocol$ConnectionHandler.process(AbstractProtocol.java:903)
		at org.apache.tomcat.util.net.NioEndpoint$SocketProcessor.doRun(NioEndpoint.java:1774)
		at org.apache.tomcat.util.net.SocketProcessorBase.run(SocketProcessorBase.java:52)
		at org.apache.tomcat.util.threads.ThreadPoolExecutor.runWorker(ThreadPoolExecutor.java:973)
		at org.apache.tomcat.util.threads.ThreadPoolExecutor$Worker.run(ThreadPoolExecutor.java:491)
		at org.apache.tomcat.util.threads.TaskThread$WrappingRunnable.run(TaskThread.java:63)
		at java.base/java.lang.Thread.run(Thread.java:1575)
22-Nov-2025 13:50:21.992 SEVERE [http-nio-8080-exec-61] org.apache.catalina.core.StandardWrapperValve.invoke Servlet.service() for servlet [jsp] in context with path [/JavaQuizPlatform] threw exception [org.apache.jasper.JasperException: /approve-quizzes.jsp (line: [22], column: [1]) Page directive: illegal to have multiple occurrences of 'contentType' with different values (old: [text/html;charset=UTF-8], new: [text/html; charset=UTF-8])] with root cause
	org.apache.jasper.JasperException: /approve-quizzes.jsp (line: [22], column: [1]) Page directive: illegal to have multiple occurrences of 'contentType' with different values (old: [text/html;charset=UTF-8], new: [text/html; charset=UTF-8])
		at org.apache.jasper.compiler.DefaultErrorHandler.jspError(DefaultErrorHandler.java:29)
		at org.apache.jasper.compiler.ErrorDispatcher.dispatch(ErrorDispatcher.java:265)
		at org.apache.jasper.compiler.ErrorDispatcher.jspError(ErrorDispatcher.java:102)
		at org.apache.jasper.compiler.Validator$DirectiveVisitor.visit(Validator.java:123)
		at org.apache.jasper.compiler.Node$PageDirective.accept(Node.java:537)
		at org.apache.jasper.compiler.Node$Nodes.visit(Node.java:2237)
		at org.apache.jasper.compiler.Node$Visitor.visitBody(Node.java:2293)
		at org.apache.jasper.compiler.Node$Visitor.visit(Node.java:2299)
		at org.apache.jasper.compiler.Node$Root.accept(Node.java:432)
		at org.apache.jasper.compiler.Node$Nodes.visit(Node.java:2237)
		at org.apache.jasper.compiler.Validator.validateDirectives(Validator.java:1609)
		at org.apache.jasper.compiler.Compiler.generateJava(Compiler.java:185)
		at org.apache.jasper.compiler.Compiler.compile(Compiler.java:361)
		at org.apache.jasper.compiler.Compiler.compile(Compiler.java:339)
		at org.apache.jasper.compiler.Compiler.compile(Compiler.java:325)
		at org.apache.jasper.JspCompilationContext.compile(JspCompilationContext.java:586)
		at org.apache.jasper.servlet.JspServletWrapper.service(JspServletWrapper.java:368)
		at org.apache.jasper.servlet.JspServlet.serviceJspFile(JspServlet.java:350)
		at org.apache.jasper.servlet.JspServlet.service(JspServlet.java:301)
		at jakarta.servlet.http.HttpServlet.service(HttpServlet.java:658)
		at org.apache.catalina.core.ApplicationFilterChain.internalDoFilter(ApplicationFilterChain.java:193)
		at org.apache.catalina.core.ApplicationFilterChain.doFilter(ApplicationFilterChain.java:138)
		at org.apache.tomcat.websocket.server.WsFilter.doFilter(WsFilter.java:51)
		at org.apache.catalina.core.ApplicationFilterChain.internalDoFilter(ApplicationFilterChain.java:162)
		at org.apache.catalina.core.ApplicationFilterChain.doFilter(ApplicationFilterChain.java:138)
		at filter.AuthFilter.doFilter(AuthFilter.java:38)
		at org.apache.catalina.core.ApplicationFilterChain.internalDoFilter(ApplicationFilterChain.java:162)
		at org.apache.catalina.core.ApplicationFilterChain.doFilter(ApplicationFilterChain.java:138)
		at org.apache.catalina.core.StandardWrapperValve.invoke(StandardWrapperValve.java:165)
		at org.apache.catalina.core.StandardContextValve.invoke(StandardContextValve.java:88)
		at org.apache.catalina.authenticator.AuthenticatorBase.invoke(AuthenticatorBase.java:482)
		at org.apache.catalina.core.StandardHostValve.invoke(StandardHostValve.java:113)
		at org.apache.catalina.valves.ErrorReportValve.invoke(ErrorReportValve.java:83)
		at org.apache.catalina.valves.AbstractAccessLogValve.invoke(AbstractAccessLogValve.java:654)
		at org.apache.catalina.core.StandardEngineValve.invoke(StandardEngineValve.java:72)
		at org.apache.catalina.connector.CoyoteAdapter.service(CoyoteAdapter.java:342)
		at org.apache.coyote.http11.Http11Processor.service(Http11Processor.java:399)
		at org.apache.coyote.AbstractProcessorLight.process(AbstractProcessorLight.java:63)
		at org.apache.coyote.AbstractProtocol$ConnectionHandler.process(AbstractProtocol.java:903)
		at org.apache.tomcat.util.net.NioEndpoint$SocketProcessor.doRun(NioEndpoint.java:1774)
		at org.apache.tomcat.util.net.SocketProcessorBase.run(SocketProcessorBase.java:52)
		at org.apache.tomcat.util.threads.ThreadPoolExecutor.runWorker(ThreadPoolExecutor.java:973)
		at org.apache.tomcat.util.threads.ThreadPoolExecutor$Worker.run(ThreadPoolExecutor.java:491)
		at org.apache.tomcat.util.threads.TaskThread$WrappingRunnable.run(TaskThread.java:63)
		at java.base/java.lang.Thread.run(Thread.java:1575)
22-Nov-2025 13:50:30.920 SEVERE [http-nio-8080-exec-58] org.apache.catalina.core.StandardWrapperValve.invoke Servlet.service() for servlet [jsp] in context with path [/JavaQuizPlatform] threw exception [org.apache.jasper.JasperException: /system-settings.jsp (line: [13], column: [1]) Page directive: illegal to have multiple occurrences of 'contentType' with different values (old: [text/html;charset=UTF-8], new: [text/html; charset=UTF-8])] with root cause
	org.apache.jasper.JasperException: /system-settings.jsp (line: [13], column: [1]) Page directive: illegal to have multiple occurrences of 'contentType' with different values (old: [text/html;charset=UTF-8], new: [text/html; charset=UTF-8])
		at org.apache.jasper.compiler.DefaultErrorHandler.jspError(DefaultErrorHandler.java:29)
		at org.apache.jasper.compiler.ErrorDispatcher.dispatch(ErrorDispatcher.java:265)
		at org.apache.jasper.compiler.ErrorDispatcher.jspError(ErrorDispatcher.java:102)
		at org.apache.jasper.compiler.Validator$DirectiveVisitor.visit(Validator.java:123)
		at org.apache.jasper.compiler.Node$PageDirective.accept(Node.java:537)
		at org.apache.jasper.compiler.Node$Nodes.visit(Node.java:2237)
		at org.apache.jasper.compiler.Node$Visitor.visitBody(Node.java:2293)
		at org.apache.jasper.compiler.Node$Visitor.visit(Node.java:2299)
		at org.apache.jasper.compiler.Node$Root.accept(Node.java:432)
		at org.apache.jasper.compiler.Node$Nodes.visit(Node.java:2237)
		at org.apache.jasper.compiler.Validator.validateDirectives(Validator.java:1609)
		at org.apache.jasper.compiler.Compiler.generateJava(Compiler.java:185)
		at org.apache.jasper.compiler.Compiler.compile(Compiler.java:361)
		at org.apache.jasper.compiler.Compiler.compile(Compiler.java:339)
		at org.apache.jasper.compiler.Compiler.compile(Compiler.java:325)
		at org.apache.jasper.JspCompilationContext.compile(JspCompilationContext.java:586)
		at org.apache.jasper.servlet.JspServletWrapper.service(JspServletWrapper.java:368)
		at org.apache.jasper.servlet.JspServlet.serviceJspFile(JspServlet.java:350)
		at org.apache.jasper.servlet.JspServlet.service(JspServlet.java:301)
		at jakarta.servlet.http.HttpServlet.service(HttpServlet.java:658)
		at org.apache.catalina.core.ApplicationFilterChain.internalDoFilter(ApplicationFilterChain.java:193)
		at org.apache.catalina.core.ApplicationFilterChain.doFilter(ApplicationFilterChain.java:138)
		at org.apache.tomcat.websocket.server.WsFilter.doFilter(WsFilter.java:51)
		at org.apache.catalina.core.ApplicationFilterChain.internalDoFilter(ApplicationFilterChain.java:162)
		at org.apache.catalina.core.ApplicationFilterChain.doFilter(ApplicationFilterChain.java:138)
		at filter.AuthFilter.doFilter(AuthFilter.java:38)
		at org.apache.catalina.core.ApplicationFilterChain.internalDoFilter(ApplicationFilterChain.java:162)
		at org.apache.catalina.core.ApplicationFilterChain.doFilter(ApplicationFilterChain.java:138)
		at org.apache.catalina.core.StandardWrapperValve.invoke(StandardWrapperValve.java:165)
		at org.apache.catalina.core.StandardContextValve.invoke(StandardContextValve.java:88)
		at org.apache.catalina.authenticator.AuthenticatorBase.invoke(AuthenticatorBase.java:482)
		at org.apache.catalina.core.StandardHostValve.invoke(StandardHostValve.java:113)
		at org.apache.catalina.valves.ErrorReportValve.invoke(ErrorReportValve.java:83)
		at org.apache.catalina.valves.AbstractAccessLogValve.invoke(AbstractAccessLogValve.java:654)
		at org.apache.catalina.core.StandardEngineValve.invoke(StandardEngineValve.java:72)
		at org.apache.catalina.connector.CoyoteAdapter.service(CoyoteAdapter.java:342)
		at org.apache.coyote.http11.Http11Processor.service(Http11Processor.java:399)
		at org.apache.coyote.AbstractProcessorLight.process(AbstractProcessorLight.java:63)
		at org.apache.coyote.AbstractProtocol$ConnectionHandler.process(AbstractProtocol.java:903)
		at org.apache.tomcat.util.net.NioEndpoint$SocketProcessor.doRun(NioEndpoint.java:1774)
		at org.apache.tomcat.util.net.SocketProcessorBase.run(SocketProcessorBase.java:52)
		at org.apache.tomcat.util.threads.ThreadPoolExecutor.runWorker(ThreadPoolExecutor.java:973)
		at org.apache.tomcat.util.threads.ThreadPoolExecutor$Worker.run(ThreadPoolExecutor.java:491)
		at org.apache.tomcat.util.threads.TaskThread$WrappingRunnable.run(TaskThread.java:63)
		at java.base/java.lang.Thread.run(Thread.java:1575)
22-Nov-2025 13:50:46.986 SEVERE [http-nio-8080-exec-59] org.apache.catalina.core.StandardWrapperValve.invoke Servlet.service() for servlet [jsp] in context with path [/JavaQuizPlatform] threw exception [org.apache.jasper.JasperException: /approve-quizzes.jsp (line: [22], column: [1]) Page directive: illegal to have multiple occurrences of 'contentType' with different values (old: [text/html;charset=UTF-8], new: [text/html; charset=UTF-8])] with root cause
	org.apache.jasper.JasperException: /approve-quizzes.jsp (line: [22], column: [1]) Page directive: illegal to have multiple occurrences of 'contentType' with different values (old: [text/html;charset=UTF-8], new: [text/html; charset=UTF-8])
		at org.apache.jasper.compiler.DefaultErrorHandler.jspError(DefaultErrorHandler.java:29)
		at org.apache.jasper.compiler.ErrorDispatcher.dispatch(ErrorDispatcher.java:265)
		at org.apache.jasper.compiler.ErrorDispatcher.jspError(ErrorDispatcher.java:102)
		at org.apache.jasper.compiler.Validator$DirectiveVisitor.visit(Validator.java:123)
		at org.apache.jasper.compiler.Node$PageDirective.accept(Node.java:537)
		at org.apache.jasper.compiler.Node$Nodes.visit(Node.java:2237)
		at org.apache.jasper.compiler.Node$Visitor.visitBody(Node.java:2293)
		at org.apache.jasper.compiler.Node$Visitor.visit(Node.java:2299)
		at org.apache.jasper.compiler.Node$Root.accept(Node.java:432)
		at org.apache.jasper.compiler.Node$Nodes.visit(Node.java:2237)
		at org.apache.jasper.compiler.Validator.validateDirectives(Validator.java:1609)
		at org.apache.jasper.compiler.Compiler.generateJava(Compiler.java:185)
		at org.apache.jasper.compiler.Compiler.compile(Compiler.java:361)
		at org.apache.jasper.compiler.Compiler.compile(Compiler.java:339)
		at org.apache.jasper.compiler.Compiler.compile(Compiler.java:325)
		at org.apache.jasper.JspCompilationContext.compile(JspCompilationContext.java:586)
		at org.apache.jasper.servlet.JspServletWrapper.service(JspServletWrapper.java:368)
		at org.apache.jasper.servlet.JspServlet.serviceJspFile(JspServlet.java:350)
		at org.apache.jasper.servlet.JspServlet.service(JspServlet.java:301)
		at jakarta.servlet.http.HttpServlet.service(HttpServlet.java:658)
		at org.apache.catalina.core.ApplicationFilterChain.internalDoFilter(ApplicationFilterChain.java:193)
		at org.apache.catalina.core.ApplicationFilterChain.doFilter(ApplicationFilterChain.java:138)
		at org.apache.tomcat.websocket.server.WsFilter.doFilter(WsFilter.java:51)
		at org.apache.catalina.core.ApplicationFilterChain.internalDoFilter(ApplicationFilterChain.java:162)
		at org.apache.catalina.core.ApplicationFilterChain.doFilter(ApplicationFilterChain.java:138)
		at filter.AuthFilter.doFilter(AuthFilter.java:38)
		at org.apache.catalina.core.ApplicationFilterChain.internalDoFilter(ApplicationFilterChain.java:162)
		at org.apache.catalina.core.ApplicationFilterChain.doFilter(ApplicationFilterChain.java:138)
		at org.apache.catalina.core.StandardWrapperValve.invoke(StandardWrapperValve.java:165)
		at org.apache.catalina.core.StandardContextValve.invoke(StandardContextValve.java:88)
		at org.apache.catalina.authenticator.AuthenticatorBase.invoke(AuthenticatorBase.java:482)
		at org.apache.catalina.core.StandardHostValve.invoke(StandardHostValve.java:113)
		at org.apache.catalina.valves.ErrorReportValve.invoke(ErrorReportValve.java:83)
		at org.apache.catalina.valves.AbstractAccessLogValve.invoke(AbstractAccessLogValve.java:654)
		at org.apache.catalina.core.StandardEngineValve.invoke(StandardEngineValve.java:72)
		at org.apache.catalina.connector.CoyoteAdapter.service(CoyoteAdapter.java:342)
		at org.apache.coyote.http11.Http11Processor.service(Http11Processor.java:399)
		at org.apache.coyote.AbstractProcessorLight.process(AbstractProcessorLight.java:63)
		at org.apache.coyote.AbstractProtocol$ConnectionHandler.process(AbstractProtocol.java:903)
		at org.apache.tomcat.util.net.NioEndpoint$SocketProcessor.doRun(NioEndpoint.java:1774)
		at org.apache.tomcat.util.net.SocketProcessorBase.run(SocketProcessorBase.java:52)
		at org.apache.tomcat.util.threads.ThreadPoolExecutor.runWorker(ThreadPoolExecutor.java:973)
		at org.apache.tomcat.util.threads.ThreadPoolExecutor$Worker.run(ThreadPoolExecutor.java:491)
		at org.apache.tomcat.util.threads.TaskThread$WrappingRunnable.run(TaskThread.java:63)
		at java.base/java.lang.Thread.run(Thread.java:1575)
22-Nov-2025 13:52:15.786 SEVERE [http-nio-8080-exec-64] org.apache.catalina.core.StandardWrapperValve.invoke Servlet.service() for servlet [jsp] in context with path [/JavaQuizPlatform] threw exception [org.apache.jasper.JasperException: /system-settings.jsp (line: [13], column: [1]) Page directive: illegal to have multiple occurrences of 'contentType' with different values (old: [text/html;charset=UTF-8], new: [text/html; charset=UTF-8])] with root cause
	org.apache.jasper.JasperException: /system-settings.jsp (line: [13], column: [1]) Page directive: illegal to have multiple occurrences of 'contentType' with different values (old: [text/html;charset=UTF-8], new: [text/html; charset=UTF-8])
		at org.apache.jasper.compiler.DefaultErrorHandler.jspError(DefaultErrorHandler.java:29)
		at org.apache.jasper.compiler.ErrorDispatcher.dispatch(ErrorDispatcher.java:265)
		at org.apache.jasper.compiler.ErrorDispatcher.jspError(ErrorDispatcher.java:102)
		at org.apache.jasper.compiler.Validator$DirectiveVisitor.visit(Validator.java:123)
		at org.apache.jasper.compiler.Node$PageDirective.accept(Node.java:537)
		at org.apache.jasper.compiler.Node$Nodes.visit(Node.java:2237)
		at org.apache.jasper.compiler.Node$Visitor.visitBody(Node.java:2293)
		at org.apache.jasper.compiler.Node$Visitor.visit(Node.java:2299)
		at org.apache.jasper.compiler.Node$Root.accept(Node.java:432)
		at org.apache.jasper.compiler.Node$Nodes.visit(Node.java:2237)
		at org.apache.jasper.compiler.Validator.validateDirectives(Validator.java:1609)
		at org.apache.jasper.compiler.Compiler.generateJava(Compiler.java:185)
		at org.apache.jasper.compiler.Compiler.compile(Compiler.java:361)
		at org.apache.jasper.compiler.Compiler.compile(Compiler.java:339)
		at org.apache.jasper.compiler.Compiler.compile(Compiler.java:325)
		at org.apache.jasper.JspCompilationContext.compile(JspCompilationContext.java:586)
		at org.apache.jasper.servlet.JspServletWrapper.service(JspServletWrapper.java:368)
		at org.apache.jasper.servlet.JspServlet.serviceJspFile(JspServlet.java:350)
		at org.apache.jasper.servlet.JspServlet.service(JspServlet.java:301)
		at jakarta.servlet.http.HttpServlet.service(HttpServlet.java:658)
		at org.apache.catalina.core.ApplicationFilterChain.internalDoFilter(ApplicationFilterChain.java:193)
		at org.apache.catalina.core.ApplicationFilterChain.doFilter(ApplicationFilterChain.java:138)
		at org.apache.tomcat.websocket.server.WsFilter.doFilter(WsFilter.java:51)
		at org.apache.catalina.core.ApplicationFilterChain.internalDoFilter(ApplicationFilterChain.java:162)
		at org.apache.catalina.core.ApplicationFilterChain.doFilter(ApplicationFilterChain.java:138)
		at filter.AuthFilter.doFilter(AuthFilter.java:38)
		at org.apache.catalina.core.ApplicationFilterChain.internalDoFilter(ApplicationFilterChain.java:162)
		at org.apache.catalina.core.ApplicationFilterChain.doFilter(ApplicationFilterChain.java:138)
		at org.apache.catalina.core.StandardWrapperValve.invoke(StandardWrapperValve.java:165)
		at org.apache.catalina.core.StandardContextValve.invoke(StandardContextValve.java:88)
		at org.apache.catalina.authenticator.AuthenticatorBase.invoke(AuthenticatorBase.java:482)
		at org.apache.catalina.core.StandardHostValve.invoke(StandardHostValve.java:113)
		at org.apache.catalina.valves.ErrorReportValve.invoke(ErrorReportValve.java:83)
		at org.apache.catalina.valves.AbstractAccessLogValve.invoke(AbstractAccessLogValve.java:654)
		at org.apache.catalina.core.StandardEngineValve.invoke(StandardEngineValve.java:72)
		at org.apache.catalina.connector.CoyoteAdapter.service(CoyoteAdapter.java:342)
		at org.apache.coyote.http11.Http11Processor.service(Http11Processor.java:399)
		at org.apache.coyote.AbstractProcessorLight.process(AbstractProcessorLight.java:63)
		at org.apache.coyote.AbstractProtocol$ConnectionHandler.process(AbstractProtocol.java:903)
		at org.apache.tomcat.util.net.NioEndpoint$SocketProcessor.doRun(NioEndpoint.java:1774)
		at org.apache.tomcat.util.net.SocketProcessorBase.run(SocketProcessorBase.java:52)
		at org.apache.tomcat.util.threads.ThreadPoolExecutor.runWorker(ThreadPoolExecutor.java:973)
		at org.apache.tomcat.util.threads.ThreadPoolExecutor$Worker.run(ThreadPoolExecutor.java:491)
		at org.apache.tomcat.util.threads.TaskThread$WrappingRunnable.run(TaskThread.java:63)
		at java.base/java.lang.Thread.run(Thread.java:1575)
22-Nov-2025 14:05:47.281 SEVERE [http-nio-8080-exec-61] org.apache.catalina.core.StandardWrapperValve.invoke Servlet.service() for servlet [jsp] in context with path [/JavaQuizPlatform] threw exception [org.apache.jasper.JasperException: /quiz-results.jsp (line: [22], column: [1]) Page directive: illegal to have multiple occurrences of 'contentType' with different values (old: [text/html;charset=UTF-8], new: [text/html])] with root cause
	org.apache.jasper.JasperException: /quiz-results.jsp (line: [22], column: [1]) Page directive: illegal to have multiple occurrences of 'contentType' with different values (old: [text/html;charset=UTF-8], new: [text/html])
		at org.apache.jasper.compiler.DefaultErrorHandler.jspError(DefaultErrorHandler.java:29)
		at org.apache.jasper.compiler.ErrorDispatcher.dispatch(ErrorDispatcher.java:265)
		at org.apache.jasper.compiler.ErrorDispatcher.jspError(ErrorDispatcher.java:102)
		at org.apache.jasper.compiler.Validator$DirectiveVisitor.visit(Validator.java:123)
		at org.apache.jasper.compiler.Node$PageDirective.accept(Node.java:537)
		at org.apache.jasper.compiler.Node$Nodes.visit(Node.java:2237)
		at org.apache.jasper.compiler.Node$Visitor.visitBody(Node.java:2293)
		at org.apache.jasper.compiler.Node$Visitor.visit(Node.java:2299)
		at org.apache.jasper.compiler.Node$Root.accept(Node.java:432)
		at org.apache.jasper.compiler.Node$Nodes.visit(Node.java:2237)
		at org.apache.jasper.compiler.Validator.validateDirectives(Validator.java:1609)
		at org.apache.jasper.compiler.Compiler.generateJava(Compiler.java:185)
		at org.apache.jasper.compiler.Compiler.compile(Compiler.java:361)
		at org.apache.jasper.compiler.Compiler.compile(Compiler.java:339)
		at org.apache.jasper.compiler.Compiler.compile(Compiler.java:325)
		at org.apache.jasper.JspCompilationContext.compile(JspCompilationContext.java:586)
		at org.apache.jasper.servlet.JspServletWrapper.service(JspServletWrapper.java:368)
		at org.apache.jasper.servlet.JspServlet.serviceJspFile(JspServlet.java:350)
		at org.apache.jasper.servlet.JspServlet.service(JspServlet.java:301)
		at jakarta.servlet.http.HttpServlet.service(HttpServlet.java:658)
		at org.apache.catalina.core.ApplicationFilterChain.internalDoFilter(ApplicationFilterChain.java:193)
		at org.apache.catalina.core.ApplicationFilterChain.doFilter(ApplicationFilterChain.java:138)
		at org.apache.tomcat.websocket.server.WsFilter.doFilter(WsFilter.java:51)
		at org.apache.catalina.core.ApplicationFilterChain.internalDoFilter(ApplicationFilterChain.java:162)
		at org.apache.catalina.core.ApplicationFilterChain.doFilter(ApplicationFilterChain.java:138)
		at filter.AuthFilter.doFilter(AuthFilter.java:38)
		at org.apache.catalina.core.ApplicationFilterChain.internalDoFilter(ApplicationFilterChain.java:162)
		at org.apache.catalina.core.ApplicationFilterChain.doFilter(ApplicationFilterChain.java:138)
		at org.apache.catalina.core.StandardWrapperValve.invoke(StandardWrapperValve.java:165)
		at org.apache.catalina.core.StandardContextValve.invoke(StandardContextValve.java:88)
		at org.apache.catalina.authenticator.AuthenticatorBase.invoke(AuthenticatorBase.java:482)
		at org.apache.catalina.core.StandardHostValve.invoke(StandardHostValve.java:113)
		at org.apache.catalina.valves.ErrorReportValve.invoke(ErrorReportValve.java:83)
		at org.apache.catalina.valves.AbstractAccessLogValve.invoke(AbstractAccessLogValve.java:654)
		at org.apache.catalina.core.StandardEngineValve.invoke(StandardEngineValve.java:72)
		at org.apache.catalina.connector.CoyoteAdapter.service(CoyoteAdapter.java:342)
		at org.apache.coyote.http11.Http11Processor.service(Http11Processor.java:399)
		at org.apache.coyote.AbstractProcessorLight.process(AbstractProcessorLight.java:63)
		at org.apache.coyote.AbstractProtocol$ConnectionHandler.process(AbstractProtocol.java:903)
		at org.apache.tomcat.util.net.NioEndpoint$SocketProcessor.doRun(NioEndpoint.java:1774)
		at org.apache.tomcat.util.net.SocketProcessorBase.run(SocketProcessorBase.java:52)
		at org.apache.tomcat.util.threads.ThreadPoolExecutor.runWorker(ThreadPoolExecutor.java:973)
		at org.apache.tomcat.util.threads.ThreadPoolExecutor$Worker.run(ThreadPoolExecutor.java:491)
		at org.apache.tomcat.util.threads.TaskThread$WrappingRunnable.run(TaskThread.java:63)
		at java.base/java.lang.Thread.run(Thread.java:1575)
22-Nov-2025 14:59:18.547 INFO [main] org.apache.catalina.core.ApplicationContext.log SessionListener: contextDestroyed()
22-Nov-2025 14:59:18.547 INFO [main] org.apache.catalina.core.ApplicationContext.log ContextListener: contextDestroyed()
22-Nov-2025 15:03:48.111 INFO [main] org.apache.catalina.core.ApplicationContext.log ContextListener: contextInitialized()
22-Nov-2025 15:03:48.111 INFO [main] org.apache.catalina.core.ApplicationContext.log SessionListener: contextInitialized()
22-Nov-2025 15:03:48.114 INFO [main] org.apache.catalina.core.ApplicationContext.log ContextListener: attributeAdded('StockTicker', 'async.Stockticker@2d5a1588')
22-Nov-2025 15:59:28.157 INFO [main] org.apache.catalina.core.ApplicationContext.log SessionListener: contextDestroyed()
22-Nov-2025 15:59:28.157 INFO [main] org.apache.catalina.core.ApplicationContext.log ContextListener: contextDestroyed()
22-Nov-2025 18:09:45.706 INFO [main] org.apache.catalina.core.ApplicationContext.log ContextListener: contextInitialized()
22-Nov-2025 18:09:45.706 INFO [main] org.apache.catalina.core.ApplicationContext.log SessionListener: contextInitialized()
22-Nov-2025 18:09:45.710 INFO [main] org.apache.catalina.core.ApplicationContext.log ContextListener: attributeAdded('StockTicker', 'async.Stockticker@62b3a2f6')
22-Nov-2025 18:33:56.335 SEVERE [http-nio-8080-exec-30] org.apache.catalina.core.StandardWrapperValve.invoke Servlet.service() for servlet [controller.CreateQuizServlet] in context with path [/JavaQuizPlatform] threw exception
	java.lang.NullPointerException: Cannot invoke "String.trim()" because the return value of "jakarta.servlet.http.HttpServletRequest.getParameter(String)" is null
		at controller.CreateQuizServlet.doPost(CreateQuizServlet.java:33)
		at jakarta.servlet.http.HttpServlet.service(HttpServlet.java:590)
		at jakarta.servlet.http.HttpServlet.service(HttpServlet.java:658)
		at org.apache.catalina.core.ApplicationFilterChain.internalDoFilter(ApplicationFilterChain.java:193)
		at org.apache.catalina.core.ApplicationFilterChain.doFilter(ApplicationFilterChain.java:138)
		at org.apache.tomcat.websocket.server.WsFilter.doFilter(WsFilter.java:51)
		at org.apache.catalina.core.ApplicationFilterChain.internalDoFilter(ApplicationFilterChain.java:162)
		at org.apache.catalina.core.ApplicationFilterChain.doFilter(ApplicationFilterChain.java:138)
		at filter.AuthFilter.doFilter(AuthFilter.java:48)
		at org.apache.catalina.core.ApplicationFilterChain.internalDoFilter(ApplicationFilterChain.java:162)
		at org.apache.catalina.core.ApplicationFilterChain.doFilter(ApplicationFilterChain.java:138)
		at org.apache.catalina.core.StandardWrapperValve.invoke(StandardWrapperValve.java:165)
		at org.apache.catalina.core.StandardContextValve.invoke(StandardContextValve.java:88)
		at org.apache.catalina.authenticator.AuthenticatorBase.invoke(AuthenticatorBase.java:482)
		at org.apache.catalina.core.StandardHostValve.invoke(StandardHostValve.java:113)
		at org.apache.catalina.valves.ErrorReportValve.invoke(ErrorReportValve.java:83)
		at org.apache.catalina.valves.AbstractAccessLogValve.invoke(AbstractAccessLogValve.java:654)
		at org.apache.catalina.core.StandardEngineValve.invoke(StandardEngineValve.java:72)
		at org.apache.catalina.connector.CoyoteAdapter.service(CoyoteAdapter.java:342)
		at org.apache.coyote.http11.Http11Processor.service(Http11Processor.java:399)
		at org.apache.coyote.AbstractProcessorLight.process(AbstractProcessorLight.java:63)
		at org.apache.coyote.AbstractProtocol$ConnectionHandler.process(AbstractProtocol.java:903)
		at org.apache.tomcat.util.net.NioEndpoint$SocketProcessor.doRun(NioEndpoint.java:1774)
		at org.apache.tomcat.util.net.SocketProcessorBase.run(SocketProcessorBase.java:52)
		at org.apache.tomcat.util.threads.ThreadPoolExecutor.runWorker(ThreadPoolExecutor.java:973)
		at org.apache.tomcat.util.threads.ThreadPoolExecutor$Worker.run(ThreadPoolExecutor.java:491)
		at org.apache.tomcat.util.threads.TaskThread$WrappingRunnable.run(TaskThread.java:63)
		at java.base/java.lang.Thread.run(Thread.java:1575)
22-Nov-2025 18:37:33.500 SEVERE [http-nio-8080-exec-35] org.apache.catalina.core.StandardWrapperValve.invoke Servlet.service() for servlet [controller.CreateQuizServlet] in context with path [/JavaQuizPlatform] threw exception
	java.lang.NullPointerException: Cannot invoke "String.trim()" because the return value of "jakarta.servlet.http.HttpServletRequest.getParameter(String)" is null
		at controller.CreateQuizServlet.doPost(CreateQuizServlet.java:33)
		at jakarta.servlet.http.HttpServlet.service(HttpServlet.java:590)
		at jakarta.servlet.http.HttpServlet.service(HttpServlet.java:658)
		at org.apache.catalina.core.ApplicationFilterChain.internalDoFilter(ApplicationFilterChain.java:193)
		at org.apache.catalina.core.ApplicationFilterChain.doFilter(ApplicationFilterChain.java:138)
		at org.apache.tomcat.websocket.server.WsFilter.doFilter(WsFilter.java:51)
		at org.apache.catalina.core.ApplicationFilterChain.internalDoFilter(ApplicationFilterChain.java:162)
		at org.apache.catalina.core.ApplicationFilterChain.doFilter(ApplicationFilterChain.java:138)
		at filter.AuthFilter.doFilter(AuthFilter.java:48)
		at org.apache.catalina.core.ApplicationFilterChain.internalDoFilter(ApplicationFilterChain.java:162)
		at org.apache.catalina.core.ApplicationFilterChain.doFilter(ApplicationFilterChain.java:138)
		at org.apache.catalina.core.StandardWrapperValve.invoke(StandardWrapperValve.java:165)
		at org.apache.catalina.core.StandardContextValve.invoke(StandardContextValve.java:88)
		at org.apache.catalina.authenticator.AuthenticatorBase.invoke(AuthenticatorBase.java:482)
		at org.apache.catalina.core.StandardHostValve.invoke(StandardHostValve.java:113)
		at org.apache.catalina.valves.ErrorReportValve.invoke(ErrorReportValve.java:83)
		at org.apache.catalina.valves.AbstractAccessLogValve.invoke(AbstractAccessLogValve.java:654)
		at org.apache.catalina.core.StandardEngineValve.invoke(StandardEngineValve.java:72)
		at org.apache.catalina.connector.CoyoteAdapter.service(CoyoteAdapter.java:342)
		at org.apache.coyote.http11.Http11Processor.service(Http11Processor.java:399)
		at org.apache.coyote.AbstractProcessorLight.process(AbstractProcessorLight.java:63)
		at org.apache.coyote.AbstractProtocol$ConnectionHandler.process(AbstractProtocol.java:903)
		at org.apache.tomcat.util.net.NioEndpoint$SocketProcessor.doRun(NioEndpoint.java:1774)
		at org.apache.tomcat.util.net.SocketProcessorBase.run(SocketProcessorBase.java:52)
		at org.apache.tomcat.util.threads.ThreadPoolExecutor.runWorker(ThreadPoolExecutor.java:973)
		at org.apache.tomcat.util.threads.ThreadPoolExecutor$Worker.run(ThreadPoolExecutor.java:491)
		at org.apache.tomcat.util.threads.TaskThread$WrappingRunnable.run(TaskThread.java:63)
		at java.base/java.lang.Thread.run(Thread.java:1575)
22-Nov-2025 20:16:58.420 SEVERE [http-nio-8080-exec-176] org.apache.catalina.core.StandardWrapperValve.invoke Servlet.service() for servlet [jsp] in context with path [/JavaQuizPlatform] threw exception [org.apache.jasper.JasperException: /header.jsp (line: [7], column: [1]) Page directive: illegal to have multiple occurrences of 'contentType' with different values (old: [text/html], new: [text/html;charset=UTF-8])] with root cause
	org.apache.jasper.JasperException: /header.jsp (line: [7], column: [1]) Page directive: illegal to have multiple occurrences of 'contentType' with different values (old: [text/html], new: [text/html;charset=UTF-8])
		at org.apache.jasper.compiler.DefaultErrorHandler.jspError(DefaultErrorHandler.java:29)
		at org.apache.jasper.compiler.ErrorDispatcher.dispatch(ErrorDispatcher.java:265)
		at org.apache.jasper.compiler.ErrorDispatcher.jspError(ErrorDispatcher.java:102)
		at org.apache.jasper.compiler.Validator$DirectiveVisitor.visit(Validator.java:123)
		at org.apache.jasper.compiler.Node$PageDirective.accept(Node.java:537)
		at org.apache.jasper.compiler.Node$Nodes.visit(Node.java:2237)
		at org.apache.jasper.compiler.Node$Visitor.visitBody(Node.java:2293)
		at org.apache.jasper.compiler.Node$Visitor.visit(Node.java:2299)
		at org.apache.jasper.compiler.Node$Root.accept(Node.java:432)
		at org.apache.jasper.compiler.Node$Nodes.visit(Node.java:2237)
		at org.apache.jasper.compiler.Node$Visitor.visitBody(Node.java:2293)
		at org.apache.jasper.compiler.Validator$DirectiveVisitor.visit(Validator.java:92)
		at org.apache.jasper.compiler.Node$IncludeDirective.accept(Node.java:595)
		at org.apache.jasper.compiler.Node$Nodes.visit(Node.java:2237)
		at org.apache.jasper.compiler.Node$Visitor.visitBody(Node.java:2293)
		at org.apache.jasper.compiler.Node$Visitor.visit(Node.java:2299)
		at org.apache.jasper.compiler.Node$Root.accept(Node.java:432)
		at org.apache.jasper.compiler.Node$Nodes.visit(Node.java:2237)
		at org.apache.jasper.compiler.Validator.validateDirectives(Validator.java:1609)
		at org.apache.jasper.compiler.Compiler.generateJava(Compiler.java:185)
		at org.apache.jasper.compiler.Compiler.compile(Compiler.java:361)
		at org.apache.jasper.compiler.Compiler.compile(Compiler.java:339)
		at org.apache.jasper.compiler.Compiler.compile(Compiler.java:325)
		at org.apache.jasper.JspCompilationContext.compile(JspCompilationContext.java:586)
		at org.apache.jasper.servlet.JspServletWrapper.service(JspServletWrapper.java:368)
		at org.apache.jasper.servlet.JspServlet.serviceJspFile(JspServlet.java:350)
		at org.apache.jasper.servlet.JspServlet.service(JspServlet.java:301)
		at jakarta.servlet.http.HttpServlet.service(HttpServlet.java:658)
		at org.apache.catalina.core.ApplicationFilterChain.internalDoFilter(ApplicationFilterChain.java:193)
		at org.apache.catalina.core.ApplicationFilterChain.doFilter(ApplicationFilterChain.java:138)
		at org.apache.tomcat.websocket.server.WsFilter.doFilter(WsFilter.java:51)
		at org.apache.catalina.core.ApplicationFilterChain.internalDoFilter(ApplicationFilterChain.java:162)
		at org.apache.catalina.core.ApplicationFilterChain.doFilter(ApplicationFilterChain.java:138)
		at filter.AuthFilter.doFilter(AuthFilter.java:38)
		at org.apache.catalina.core.ApplicationFilterChain.internalDoFilter(ApplicationFilterChain.java:162)
		at org.apache.catalina.core.ApplicationFilterChain.doFilter(ApplicationFilterChain.java:138)
		at org.apache.catalina.core.StandardWrapperValve.invoke(StandardWrapperValve.java:165)
		at org.apache.catalina.core.StandardContextValve.invoke(StandardContextValve.java:88)
		at org.apache.catalina.authenticator.AuthenticatorBase.invoke(AuthenticatorBase.java:482)
		at org.apache.catalina.core.StandardHostValve.invoke(StandardHostValve.java:113)
		at org.apache.catalina.valves.ErrorReportValve.invoke(ErrorReportValve.java:83)
		at org.apache.catalina.valves.AbstractAccessLogValve.invoke(AbstractAccessLogValve.java:654)
		at org.apache.catalina.core.StandardEngineValve.invoke(StandardEngineValve.java:72)
		at org.apache.catalina.connector.CoyoteAdapter.service(CoyoteAdapter.java:342)
		at org.apache.coyote.http11.Http11Processor.service(Http11Processor.java:399)
		at org.apache.coyote.AbstractProcessorLight.process(AbstractProcessorLight.java:63)
		at org.apache.coyote.AbstractProtocol$ConnectionHandler.process(AbstractProtocol.java:903)
		at org.apache.tomcat.util.net.NioEndpoint$SocketProcessor.doRun(NioEndpoint.java:1774)
		at org.apache.tomcat.util.net.SocketProcessorBase.run(SocketProcessorBase.java:52)
		at org.apache.tomcat.util.threads.ThreadPoolExecutor.runWorker(ThreadPoolExecutor.java:973)
		at org.apache.tomcat.util.threads.ThreadPoolExecutor$Worker.run(ThreadPoolExecutor.java:491)
		at org.apache.tomcat.util.threads.TaskThread$WrappingRunnable.run(TaskThread.java:63)
		at java.base/java.lang.Thread.run(Thread.java:1575)
22-Nov-2025 20:17:08.199 SEVERE [http-nio-8080-exec-177] org.apache.catalina.core.StandardWrapperValve.invoke Servlet.service() for servlet [jsp] in context with path [/JavaQuizPlatform] threw exception [org.apache.jasper.JasperException: /header.jsp (line: [7], column: [1]) Page directive: illegal to have multiple occurrences of 'contentType' with different values (old: [text/html], new: [text/html;charset=UTF-8])] with root cause
	org.apache.jasper.JasperException: /header.jsp (line: [7], column: [1]) Page directive: illegal to have multiple occurrences of 'contentType' with different values (old: [text/html], new: [text/html;charset=UTF-8])
		at org.apache.jasper.compiler.DefaultErrorHandler.jspError(DefaultErrorHandler.java:29)
		at org.apache.jasper.compiler.ErrorDispatcher.dispatch(ErrorDispatcher.java:265)
		at org.apache.jasper.compiler.ErrorDispatcher.jspError(ErrorDispatcher.java:102)
		at org.apache.jasper.compiler.Validator$DirectiveVisitor.visit(Validator.java:123)
		at org.apache.jasper.compiler.Node$PageDirective.accept(Node.java:537)
		at org.apache.jasper.compiler.Node$Nodes.visit(Node.java:2237)
		at org.apache.jasper.compiler.Node$Visitor.visitBody(Node.java:2293)
		at org.apache.jasper.compiler.Node$Visitor.visit(Node.java:2299)
		at org.apache.jasper.compiler.Node$Root.accept(Node.java:432)
		at org.apache.jasper.compiler.Node$Nodes.visit(Node.java:2237)
		at org.apache.jasper.compiler.Node$Visitor.visitBody(Node.java:2293)
		at org.apache.jasper.compiler.Validator$DirectiveVisitor.visit(Validator.java:92)
		at org.apache.jasper.compiler.Node$IncludeDirective.accept(Node.java:595)
		at org.apache.jasper.compiler.Node$Nodes.visit(Node.java:2237)
		at org.apache.jasper.compiler.Node$Visitor.visitBody(Node.java:2293)
		at org.apache.jasper.compiler.Node$Visitor.visit(Node.java:2299)
		at org.apache.jasper.compiler.Node$Root.accept(Node.java:432)
		at org.apache.jasper.compiler.Node$Nodes.visit(Node.java:2237)
		at org.apache.jasper.compiler.Validator.validateDirectives(Validator.java:1609)
		at org.apache.jasper.compiler.Compiler.generateJava(Compiler.java:185)
		at org.apache.jasper.compiler.Compiler.compile(Compiler.java:361)
		at org.apache.jasper.compiler.Compiler.compile(Compiler.java:339)
		at org.apache.jasper.compiler.Compiler.compile(Compiler.java:325)
		at org.apache.jasper.JspCompilationContext.compile(JspCompilationContext.java:586)
		at org.apache.jasper.servlet.JspServletWrapper.service(JspServletWrapper.java:368)
		at org.apache.jasper.servlet.JspServlet.serviceJspFile(JspServlet.java:350)
		at org.apache.jasper.servlet.JspServlet.service(JspServlet.java:301)
		at jakarta.servlet.http.HttpServlet.service(HttpServlet.java:658)
		at org.apache.catalina.core.ApplicationFilterChain.internalDoFilter(ApplicationFilterChain.java:193)
		at org.apache.catalina.core.ApplicationFilterChain.doFilter(ApplicationFilterChain.java:138)
		at org.apache.tomcat.websocket.server.WsFilter.doFilter(WsFilter.java:51)
		at org.apache.catalina.core.ApplicationFilterChain.internalDoFilter(ApplicationFilterChain.java:162)
		at org.apache.catalina.core.ApplicationFilterChain.doFilter(ApplicationFilterChain.java:138)
		at filter.AuthFilter.doFilter(AuthFilter.java:38)
		at org.apache.catalina.core.ApplicationFilterChain.internalDoFilter(ApplicationFilterChain.java:162)
		at org.apache.catalina.core.ApplicationFilterChain.doFilter(ApplicationFilterChain.java:138)
		at org.apache.catalina.core.StandardWrapperValve.invoke(StandardWrapperValve.java:165)
		at org.apache.catalina.core.StandardContextValve.invoke(StandardContextValve.java:88)
		at org.apache.catalina.authenticator.AuthenticatorBase.invoke(AuthenticatorBase.java:482)
		at org.apache.catalina.core.StandardHostValve.invoke(StandardHostValve.java:113)
		at org.apache.catalina.valves.ErrorReportValve.invoke(ErrorReportValve.java:83)
		at org.apache.catalina.valves.AbstractAccessLogValve.invoke(AbstractAccessLogValve.java:654)
		at org.apache.catalina.core.StandardEngineValve.invoke(StandardEngineValve.java:72)
		at org.apache.catalina.connector.CoyoteAdapter.service(CoyoteAdapter.java:342)
		at org.apache.coyote.http11.Http11Processor.service(Http11Processor.java:399)
		at org.apache.coyote.AbstractProcessorLight.process(AbstractProcessorLight.java:63)
		at org.apache.coyote.AbstractProtocol$ConnectionHandler.process(AbstractProtocol.java:903)
		at org.apache.tomcat.util.net.NioEndpoint$SocketProcessor.doRun(NioEndpoint.java:1774)
		at org.apache.tomcat.util.net.SocketProcessorBase.run(SocketProcessorBase.java:52)
		at org.apache.tomcat.util.threads.ThreadPoolExecutor.runWorker(ThreadPoolExecutor.java:973)
		at org.apache.tomcat.util.threads.ThreadPoolExecutor$Worker.run(ThreadPoolExecutor.java:491)
		at org.apache.tomcat.util.threads.TaskThread$WrappingRunnable.run(TaskThread.java:63)
		at java.base/java.lang.Thread.run(Thread.java:1575)
22-Nov-2025 20:17:11.304 SEVERE [http-nio-8080-exec-178] org.apache.catalina.core.StandardWrapperValve.invoke Servlet.service() for servlet [jsp] in context with path [/JavaQuizPlatform] threw exception [org.apache.jasper.JasperException: java.lang.ClassNotFoundException: org.apache.jsp.take_002dquiz_jsp] with root cause
	java.lang.ClassNotFoundException: org.apache.jsp.take_002dquiz_jsp
		at java.base/java.net.URLClassLoader.findClass(URLClassLoader.java:445)
		at org.apache.jasper.servlet.JasperLoader.loadClass(JasperLoader.java:116)
		at org.apache.jasper.servlet.JasperLoader.loadClass(JasperLoader.java:53)
		at org.apache.catalina.core.DefaultInstanceManager.newInstance(DefaultInstanceManager.java:151)
		at org.apache.jasper.servlet.JspServletWrapper.getServlet(JspServletWrapper.java:163)
		at org.apache.jasper.servlet.JspServletWrapper.service(JspServletWrapper.java:382)
		at org.apache.jasper.servlet.JspServlet.serviceJspFile(JspServlet.java:350)
		at org.apache.jasper.servlet.JspServlet.service(JspServlet.java:301)
		at jakarta.servlet.http.HttpServlet.service(HttpServlet.java:658)
		at org.apache.catalina.core.ApplicationFilterChain.internalDoFilter(ApplicationFilterChain.java:193)
		at org.apache.catalina.core.ApplicationFilterChain.doFilter(ApplicationFilterChain.java:138)
		at org.apache.tomcat.websocket.server.WsFilter.doFilter(WsFilter.java:51)
		at org.apache.catalina.core.ApplicationFilterChain.internalDoFilter(ApplicationFilterChain.java:162)
		at org.apache.catalina.core.ApplicationFilterChain.doFilter(ApplicationFilterChain.java:138)
		at filter.AuthFilter.doFilter(AuthFilter.java:38)
		at org.apache.catalina.core.ApplicationFilterChain.internalDoFilter(ApplicationFilterChain.java:162)
		at org.apache.catalina.core.ApplicationFilterChain.doFilter(ApplicationFilterChain.java:138)
		at org.apache.catalina.core.StandardWrapperValve.invoke(StandardWrapperValve.java:165)
		at org.apache.catalina.core.StandardContextValve.invoke(StandardContextValve.java:88)
		at org.apache.catalina.authenticator.AuthenticatorBase.invoke(AuthenticatorBase.java:482)
		at org.apache.catalina.core.StandardHostValve.invoke(StandardHostValve.java:113)
		at org.apache.catalina.valves.ErrorReportValve.invoke(ErrorReportValve.java:83)
		at org.apache.catalina.valves.AbstractAccessLogValve.invoke(AbstractAccessLogValve.java:654)
		at org.apache.catalina.core.StandardEngineValve.invoke(StandardEngineValve.java:72)
		at org.apache.catalina.connector.CoyoteAdapter.service(CoyoteAdapter.java:342)
		at org.apache.coyote.http11.Http11Processor.service(Http11Processor.java:399)
		at org.apache.coyote.AbstractProcessorLight.process(AbstractProcessorLight.java:63)
		at org.apache.coyote.AbstractProtocol$ConnectionHandler.process(AbstractProtocol.java:903)
		at org.apache.tomcat.util.net.NioEndpoint$SocketProcessor.doRun(NioEndpoint.java:1774)
		at org.apache.tomcat.util.net.SocketProcessorBase.run(SocketProcessorBase.java:52)
		at org.apache.tomcat.util.threads.ThreadPoolExecutor.runWorker(ThreadPoolExecutor.java:973)
		at org.apache.tomcat.util.threads.ThreadPoolExecutor$Worker.run(ThreadPoolExecutor.java:491)
		at org.apache.tomcat.util.threads.TaskThread$WrappingRunnable.run(TaskThread.java:63)
		at java.base/java.lang.Thread.run(Thread.java:1575)
22-Nov-2025 21:36:19.176 INFO [main] org.apache.catalina.core.ApplicationContext.log SessionListener: contextDestroyed()
22-Nov-2025 21:36:19.176 INFO [main] org.apache.catalina.core.ApplicationContext.log ContextListener: contextDestroyed()
